Sat Nov 15 04:41:11 UTC 2025 - Executing "openroad -exit -no_init -python /openlane/scripts/odbpy/lefutil.py get_metal_layers -o /openlane/designs/FIR_p/runs/RUN_2025.11.15_04.41.11/tmp/layers.list /home/kitti/OpenLane/pdks/sky130A/libs.ref/sky130_fd_sc_hd/techlef/sky130_fd_sc_hd__nom.tlef"

Sat Nov 15 04:41:12 UTC 2025 - Executing "/openlane/scripts/mergeLef.py -o /openlane/designs/FIR_p/runs/RUN_2025.11.15_04.41.11/tmp/merged.nom.lef -i /home/kitti/OpenLane/pdks/sky130A/libs.ref/sky130_fd_sc_hd/techlef/sky130_fd_sc_hd__nom.tlef {/home/kitti/OpenLane/pdks/sky130A/libs.ref/sky130_fd_sc_hd/lef/sky130_fd_sc_hd.lef /home/kitti/OpenLane/pdks/sky130A/libs.ref/sky130_fd_sc_hd/lef/sky130_ef_sc_hd.lef} |& tee /dev/null"

Sat Nov 15 04:41:12 UTC 2025 - Executing "/openlane/scripts/mergeLef.py -o /openlane/designs/FIR_p/runs/RUN_2025.11.15_04.41.11/tmp/merged.min.lef -i /home/kitti/OpenLane/pdks/sky130A/libs.ref/sky130_fd_sc_hd/techlef/sky130_fd_sc_hd__min.tlef {/home/kitti/OpenLane/pdks/sky130A/libs.ref/sky130_fd_sc_hd/lef/sky130_fd_sc_hd.lef /home/kitti/OpenLane/pdks/sky130A/libs.ref/sky130_fd_sc_hd/lef/sky130_ef_sc_hd.lef} |& tee /dev/null"

Sat Nov 15 04:41:12 UTC 2025 - Executing "/openlane/scripts/mergeLef.py -o /openlane/designs/FIR_p/runs/RUN_2025.11.15_04.41.11/tmp/merged.max.lef -i /home/kitti/OpenLane/pdks/sky130A/libs.ref/sky130_fd_sc_hd/techlef/sky130_fd_sc_hd__max.tlef {/home/kitti/OpenLane/pdks/sky130A/libs.ref/sky130_fd_sc_hd/lef/sky130_fd_sc_hd.lef /home/kitti/OpenLane/pdks/sky130A/libs.ref/sky130_fd_sc_hd/lef/sky130_ef_sc_hd.lef} |& tee /dev/null"

Sat Nov 15 04:41:12 UTC 2025 - Executing "python3 /openlane/scripts/mergeLib.py --output /openlane/designs/FIR_p/runs/RUN_2025.11.15_04.41.11/tmp/synthesis/merged.lib --name sky130A_merged /home/kitti/OpenLane/pdks/sky130A/libs.ref/sky130_fd_sc_hd/lib/sky130_fd_sc_hd__tt_025C_1v80.lib"

Sat Nov 15 04:41:12 UTC 2025 - Executing "python3 /openlane/scripts/libtrim.py --cell-file /openlane/designs/FIR_p/runs/RUN_2025.11.15_04.41.11/tmp/synthesis/trimmed.lib.exclude.list --output /openlane/designs/FIR_p/runs/RUN_2025.11.15_04.41.11/tmp/synthesis/trimmed.lib /openlane/designs/FIR_p/runs/RUN_2025.11.15_04.41.11/tmp/synthesis/merged.lib"

Sat Nov 15 04:41:12 UTC 2025 - Executing "python3 /openlane/scripts/libtrim.py --cell-file /openlane/designs/FIR_p/runs/RUN_2025.11.15_04.41.11/tmp/cts/cts.lib.exclude.list --output /openlane/designs/FIR_p/runs/RUN_2025.11.15_04.41.11/tmp/cts/cts.lib /home/kitti/OpenLane/pdks/sky130A/libs.ref/sky130_fd_sc_hd/lib/sky130_fd_sc_hd__tt_025C_1v80.lib"

Sat Nov 15 04:41:13 UTC 2025 - Executing "python3 /openlane/scripts/libtrim.py --cell-file /openlane/designs/FIR_p/runs/RUN_2025.11.15_04.41.11/tmp/cts/cts-fastest.lib.exclude.list --output /openlane/designs/FIR_p/runs/RUN_2025.11.15_04.41.11/tmp/cts/cts-fastest.lib /home/kitti/OpenLane/pdks/sky130A/libs.ref/sky130_fd_sc_hd/lib/sky130_fd_sc_hd__ff_n40C_1v95.lib"

Sat Nov 15 04:41:13 UTC 2025 - Executing "python3 /openlane/scripts/libtrim.py --cell-file /openlane/designs/FIR_p/runs/RUN_2025.11.15_04.41.11/tmp/cts/cts-slowest.lib.exclude.list --output /openlane/designs/FIR_p/runs/RUN_2025.11.15_04.41.11/tmp/cts/cts-slowest.lib /home/kitti/OpenLane/pdks/sky130A/libs.ref/sky130_fd_sc_hd/lib/sky130_fd_sc_hd__ss_100C_1v60.lib"

Sat Nov 15 04:41:13 UTC 2025 - Executing "python3 /openlane/scripts/new_tracks.py -i /home/kitti/OpenLane/pdks/sky130A/libs.tech/openlane/sky130_fd_sc_hd/tracks.info -o /openlane/designs/FIR_p/runs/RUN_2025.11.15_04.41.11/tmp/routing/config.tracks"

Sat Nov 15 04:41:13 UTC 2025 - Executing "echo {OpenLane ff5509f65b17bfa4068d5336495ab1718987ff69} > /openlane/designs/FIR_p/runs/RUN_2025.11.15_04.41.11/OPENLANE_COMMIT"

Sat Nov 15 04:41:22 UTC 2025 - Executing "sed -E {s/^([[:space:]]+)pg_pin(.*)/\1pin\2\n\1    direction : "inout";/g} /home/kitti/OpenLane/pdks/sky130A/libs.ref/sky130_fd_sc_hd/lib/sky130_fd_sc_hd__tt_025C_1v80.lib > /openlane/designs/FIR_p/runs/RUN_2025.11.15_04.41.11/tmp/synthesis/1-sky130_fd_sc_hd__tt_025C_1v80.no_pg.lib"

Sat Nov 15 04:41:23 UTC 2025 - Executing "sed -E {s/^([[:space:]]+)pg_pin(.*)/\1pin\2\n\1    direction : "inout";/g} /openlane/designs/FIR_p/runs/RUN_2025.11.15_04.41.11/tmp/synthesis/trimmed.lib > /openlane/designs/FIR_p/runs/RUN_2025.11.15_04.41.11/tmp/synthesis/1-trimmed.no_pg.lib"

Sat Nov 15 04:41:23 UTC 2025 - Executing "yosys -c /openlane/scripts/yosys/synth.tcl |& tee /dev/null /openlane/designs/FIR_p/runs/RUN_2025.11.15_04.41.11/logs/synthesis/1-synthesis.log"

Sat Nov 15 04:42:32 UTC 2025 - Executing "sed -i.bak -e {s/\(set ::env(CURRENT_NETLIST)\).*/\1 \/openlane\/designs\/FIR_p\/runs\/RUN_2025.11.15_04.41.11\/results\/synthesis\/FIR_Lowpass_Filter.v/} /openlane/designs/FIR_p/runs/RUN_2025.11.15_04.41.11/config.tcl"

Sat Nov 15 04:42:32 UTC 2025 - Executing "sed -i.bak /defparam/d /openlane/designs/FIR_p/runs/RUN_2025.11.15_04.41.11/results/synthesis/FIR_Lowpass_Filter.v"

Sat Nov 15 04:42:32 UTC 2025 - Executing "sta -exit -no_init /openlane/scripts/openroad/sta/multi_corner.tcl |& tee /dev/null /openlane/designs/FIR_p/runs/RUN_2025.11.15_04.41.11/logs/synthesis/2-sta.log"

Sat Nov 15 04:45:05 UTC 2025 - Executing "openroad -exit /openlane/scripts/openroad/floorplan.tcl |& tee /dev/null /openlane/designs/FIR_p/runs/RUN_2025.11.15_04.41.11/logs/floorplan/3-initial_fp.log"

Sat Nov 15 04:45:06 UTC 2025 - Executing "openroad -exit -no_init -python /openlane/scripts/odbpy/defutil.py extract_core_dims --output-data /openlane/designs/FIR_p/runs/RUN_2025.11.15_04.41.11/tmp/dimensions.txt --input-lef /openlane/designs/FIR_p/runs/RUN_2025.11.15_04.41.11/tmp/merged.nom.lef /openlane/designs/FIR_p/runs/RUN_2025.11.15_04.41.11/tmp/floorplan/3-initial_fp.def"

Sat Nov 15 04:45:07 UTC 2025 - Executing "openroad -exit -no_init -python /openlane/scripts/odbpy/io_place.py --config designs/FIR_p/pin_order.cfg --hor-layer met3 --ver-layer met2 --ver-width-mult 2 --hor-width-mult 2 --hor-extension 0 --ver-extension 0 --length 4 --unmatched-error --input-lef /openlane/designs/FIR_p/runs/RUN_2025.11.15_04.41.11/tmp/merged.nom.lef --output-def /openlane/designs/FIR_p/runs/RUN_2025.11.15_04.41.11/tmp/floorplan/4-io.def --output /openlane/designs/FIR_p/runs/RUN_2025.11.15_04.41.11/tmp/floorplan/4-io.odb /openlane/designs/FIR_p/runs/RUN_2025.11.15_04.41.11/tmp/floorplan/3-initial_fp.odb |& tee /dev/null /openlane/designs/FIR_p/runs/RUN_2025.11.15_04.41.11/logs/floorplan/4-place_io.log"

Sat Nov 15 04:45:07 UTC 2025 - Executing "openroad -exit /openlane/scripts/openroad/tapcell.tcl |& tee /dev/null /openlane/designs/FIR_p/runs/RUN_2025.11.15_04.41.11/logs/floorplan/5-tap.log"

Sat Nov 15 04:45:08 UTC 2025 - Executing "openroad -exit /openlane/scripts/openroad/pdn.tcl |& tee /dev/null /openlane/designs/FIR_p/runs/RUN_2025.11.15_04.41.11/logs/floorplan/6-pdn.log"

Sat Nov 15 04:45:21 UTC 2025 - Executing "openroad -exit /openlane/scripts/openroad/gpl.tcl |& tee /dev/null /openlane/designs/FIR_p/runs/RUN_2025.11.15_04.41.11/logs/placement/7-global.log"

Sat Nov 15 04:46:19 UTC 2025 - Executing "sed -i.bak -e {s/\(set ::env(CURRENT_NETLIST)\).*/\1 \/openlane\/designs\/FIR_p\/runs\/RUN_2025.11.15_04.41.11\/tmp\/placement\/7-global.nl.v/} /openlane/designs/FIR_p/runs/RUN_2025.11.15_04.41.11/config.tcl"

Sat Nov 15 04:46:19 UTC 2025 - Executing "openroad -exit /openlane/scripts/openroad/sta/multi_corner.tcl |& tee /dev/null /openlane/designs/FIR_p/runs/RUN_2025.11.15_04.41.11/logs/placement/8-gpl_sta.log"

Sat Nov 15 04:46:24 UTC 2025 - Executing "openroad -exit /openlane/scripts/openroad/resizer.tcl |& tee /dev/null /openlane/designs/FIR_p/runs/RUN_2025.11.15_04.41.11/logs/placement/9-resizer.log"

Sat Nov 15 04:46:41 UTC 2025 - Executing "sed -i.bak -e {s/\(set ::env(CURRENT_NETLIST)\).*/\1 \/openlane\/designs\/FIR_p\/runs\/RUN_2025.11.15_04.41.11\/tmp\/placement\/9-resizer.nl.v/} /openlane/designs/FIR_p/runs/RUN_2025.11.15_04.41.11/config.tcl"

Sat Nov 15 04:46:41 UTC 2025 - Executing "openroad -exit /openlane/scripts/openroad/dpl.tcl |& tee /dev/null /openlane/designs/FIR_p/runs/RUN_2025.11.15_04.41.11/logs/placement/10-detailed.log"

Sat Nov 15 04:46:42 UTC 2025 - Executing "sed -i.bak -e {s/\(set ::env(CURRENT_NETLIST)\).*/\1 \/openlane\/designs\/FIR_p\/runs\/RUN_2025.11.15_04.41.11\/results\/placement\/FIR_Lowpass_Filter.nl.v/} /openlane/designs/FIR_p/runs/RUN_2025.11.15_04.41.11/config.tcl"

Sat Nov 15 04:46:43 UTC 2025 - Executing "openroad -exit /openlane/scripts/openroad/sta/multi_corner.tcl |& tee /dev/null /openlane/designs/FIR_p/runs/RUN_2025.11.15_04.41.11/logs/placement/11-dpl_sta.log"

Sat Nov 15 04:53:42 UTC 2025 - Executing "openroad -exit /openlane/scripts/openroad/cts.tcl |& tee /dev/null /openlane/designs/FIR_p/runs/RUN_2025.11.15_04.41.11/logs/cts/12-cts.log"

Sat Nov 15 04:54:18 UTC 2025 - Executing "openroad -exit /openlane/scripts/openroad/sta/multi_corner.tcl |& tee /dev/null /openlane/designs/FIR_p/runs/RUN_2025.11.15_04.41.11/logs/cts/13-cts_sta.log"

Sat Nov 15 04:55:02 UTC 2025 - Executing "openroad -exit /openlane/scripts/openroad/pdn.tcl |& tee /dev/null /openlane/designs/FIR_p/runs/RUN_2025.11.15_04.41.11/logs/floorplan/14-pdn.log"

Sat Nov 15 04:55:48 UTC 2025 - Executing "openroad -exit /openlane/scripts/openroad/resizer_routing_design.tcl |& tee /dev/null /openlane/designs/FIR_p/runs/RUN_2025.11.15_04.41.11/logs/routing/15-resizer_design.log"

Sat Nov 15 04:56:28 UTC 2025 - Executing "sed -i.bak -e {s/\(set ::env(CURRENT_NETLIST)\).*/\1 \/openlane\/designs\/FIR_p\/runs\/RUN_2025.11.15_04.41.11\/tmp\/15-FIR_Lowpass_Filter.nl.v/} /openlane/designs/FIR_p/runs/RUN_2025.11.15_04.41.11/config.tcl"

Sat Nov 15 04:56:28 UTC 2025 - Executing "openroad -exit /openlane/scripts/openroad/sta/multi_corner.tcl |& tee /dev/null /openlane/designs/FIR_p/runs/RUN_2025.11.15_04.41.11/logs/routing/16-rsz_design_sta.log"

Sat Nov 15 04:56:35 UTC 2025 - Executing "openroad -exit /openlane/scripts/openroad/resizer_routing_timing.tcl |& tee /dev/null /openlane/designs/FIR_p/runs/RUN_2025.11.15_04.41.11/logs/routing/17-resizer_timing.log"

Sat Nov 15 05:03:20 UTC 2025 - Executing "sed -i.bak -e {s/\(set ::env(CURRENT_NETLIST)\).*/\1 \/openlane\/designs\/FIR_p\/runs\/RUN_2025.11.15_04.41.11\/tmp\/17-FIR_Lowpass_Filter.nl.v/} /openlane/designs/FIR_p/runs/RUN_2025.11.15_04.41.11/config.tcl"

Sat Nov 15 05:03:20 UTC 2025 - Executing "openroad -exit /openlane/scripts/openroad/sta/multi_corner.tcl |& tee /dev/null /openlane/designs/FIR_p/runs/RUN_2025.11.15_04.41.11/logs/routing/18-rsz_timing_sta.log"

Sat Nov 15 05:03:27 UTC 2025 - Executing "openroad -exit /openlane/scripts/openroad/groute.tcl |& tee /dev/null /openlane/designs/FIR_p/runs/RUN_2025.11.15_04.41.11/logs/routing/19-global.log"

Sat Nov 15 05:03:48 UTC 2025 - Executing "openroad -exit /openlane/scripts/openroad/write_views.tcl |& tee /dev/null /openlane/designs/FIR_p/runs/RUN_2025.11.15_04.41.11/logs/routing/19-global_write_netlist.log"

Sat Nov 15 05:03:49 UTC 2025 - Executing "sed -i.bak -e {s/\(set ::env(CURRENT_NETLIST)\).*/\1 \/openlane\/designs\/FIR_p\/runs\/RUN_2025.11.15_04.41.11\/tmp\/routing\/global.nl.v/} /openlane/designs/FIR_p/runs/RUN_2025.11.15_04.41.11/config.tcl"

Sat Nov 15 05:03:49 UTC 2025 - Executing "openroad -exit /openlane/scripts/openroad/sta/multi_corner.tcl |& tee /dev/null /openlane/designs/FIR_p/runs/RUN_2025.11.15_04.41.11/logs/routing/21-grt_sta.log"

Sat Nov 15 05:03:53 UTC 2025 - Executing "openroad -exit /openlane/scripts/openroad/fill.tcl |& tee /dev/null /openlane/designs/FIR_p/runs/RUN_2025.11.15_04.41.11/logs/routing/22-fill.log"

Sat Nov 15 05:03:55 UTC 2025 - Executing "sed -i.bak -e {s/\(set ::env(CURRENT_NETLIST)\).*/\1 \/openlane\/designs\/FIR_p\/runs\/RUN_2025.11.15_04.41.11\/tmp\/routing\/22-fill.nl.v/} /openlane/designs/FIR_p/runs/RUN_2025.11.15_04.41.11/config.tcl"

Sat Nov 15 05:03:55 UTC 2025 - Executing "openroad -exit /openlane/scripts/openroad/droute.tcl |& tee /dev/null /openlane/designs/FIR_p/runs/RUN_2025.11.15_04.41.11/logs/routing/23-detailed.log"

Sat Nov 15 05:13:10 UTC 2025 - Executing "sed -i.bak -e {s/\(set ::env(CURRENT_NETLIST)\).*/\1 \/openlane\/designs\/FIR_p\/runs\/RUN_2025.11.15_04.41.11\/results\/routing\/FIR_Lowpass_Filter.nl.v/} /openlane/designs/FIR_p/runs/RUN_2025.11.15_04.41.11/config.tcl"

Sat Nov 15 05:13:10 UTC 2025 - Executing "python3 /openlane/scripts/drc_rosetta.py tr to_klayout -o /openlane/designs/FIR_p/runs/RUN_2025.11.15_04.41.11/reports/routing/drt.klayout.xml --design-name FIR_Lowpass_Filter /openlane/designs/FIR_p/runs/RUN_2025.11.15_04.41.11/reports/routing/drt.drc"

Sat Nov 15 05:13:10 UTC 2025 - Executing "openroad -exit -no_init -python /openlane/scripts/odbpy/wire_lengths.py --report-out /openlane/designs/FIR_p/runs/RUN_2025.11.15_04.41.11/reports/routing/24-wire_lengths.csv --input-lef /openlane/designs/FIR_p/runs/RUN_2025.11.15_04.41.11/tmp/merged.nom.lef --output-def /dev/null --output /openlane/designs/FIR_p/runs/RUN_2025.11.15_04.41.11/results/routing/FIR_Lowpass_Filter.odb /openlane/designs/FIR_p/runs/RUN_2025.11.15_04.41.11/results/routing/FIR_Lowpass_Filter.odb |& tee /dev/null /openlane/designs/FIR_p/runs/RUN_2025.11.15_04.41.11/logs/routing/24-wire_lengths.log"

Sat Nov 15 05:14:52 UTC 2025 - Executing "openroad -exit /openlane/scripts/openroad/rcx.tcl |& tee /dev/null /openlane/designs/FIR_p/runs/RUN_2025.11.15_04.41.11/logs/signoff/25-parasitics_extraction.min.log"

Sat Nov 15 05:14:59 UTC 2025 - Executing "sta -exit -no_init /openlane/scripts/openroad/sta/multi_corner.tcl |& tee /dev/null /openlane/designs/FIR_p/runs/RUN_2025.11.15_04.41.11/logs/signoff/26-rcx_mcsta.min.log"

Sat Nov 15 05:15:29 UTC 2025 - Executing "openroad -exit /openlane/scripts/openroad/rcx.tcl |& tee /dev/null /openlane/designs/FIR_p/runs/RUN_2025.11.15_04.41.11/logs/signoff/27-parasitics_extraction.max.log"

Sat Nov 15 05:15:37 UTC 2025 - Executing "sta -exit -no_init /openlane/scripts/openroad/sta/multi_corner.tcl |& tee /dev/null /openlane/designs/FIR_p/runs/RUN_2025.11.15_04.41.11/logs/signoff/28-rcx_mcsta.max.log"

Sat Nov 15 05:16:09 UTC 2025 - Executing "openroad -exit /openlane/scripts/openroad/rcx.tcl |& tee /dev/null /openlane/designs/FIR_p/runs/RUN_2025.11.15_04.41.11/logs/signoff/29-parasitics_extraction.nom.log"

Sat Nov 15 05:16:16 UTC 2025 - Executing "sta -exit -no_init /openlane/scripts/openroad/sta/multi_corner.tcl |& tee /dev/null /openlane/designs/FIR_p/runs/RUN_2025.11.15_04.41.11/logs/signoff/30-rcx_mcsta.nom.log"

Sat Nov 15 05:16:47 UTC 2025 - Executing "sta -exit -no_init /openlane/scripts/openroad/sta/multi_corner.tcl |& tee /dev/null /openlane/designs/FIR_p/runs/RUN_2025.11.15_04.41.11/logs/signoff/31-rcx_sta.log"

Sat Nov 15 05:18:15 UTC 2025 - Executing "magic -noconsole -dnull -rcfile /home/kitti/OpenLane/pdks/sky130A/libs.tech/magic/sky130A.magicrc < /openlane/scripts/magic/wrapper.tcl |& tee /dev/null /openlane/designs/FIR_p/runs/RUN_2025.11.15_04.41.11/logs/signoff/32-drc.log"

Sat Nov 15 05:26:09 UTC 2025 - Executing "magic -noconsole -dnull -rcfile /home/kitti/OpenLane/pdks/sky130A/libs.tech/magic/sky130A.magicrc < /openlane/scripts/magic/wrapper.tcl |& tee /dev/null /openlane/designs/FIR_p/runs/RUN_2025.11.15_04.41.11/logs/signoff/33-gdsii.log"

Sat Nov 15 05:26:11 UTC 2025 - Executing "magic -noconsole -dnull -rcfile /home/kitti/OpenLane/pdks/sky130A/libs.tech/magic/sky130A.magicrc < /openlane/scripts/magic/wrapper.tcl |& tee /dev/null /openlane/designs/FIR_p/runs/RUN_2025.11.15_04.41.11/logs/signoff/33-gds_ptrs.log"

Sat Nov 15 05:26:13 UTC 2025 - Executing "sed -i.bak -n {/^<< properties >>/,/^<< end >>/p} /openlane/designs/FIR_p/runs/RUN_2025.11.15_04.41.11/tmp/signoff/gds_ptrs.mag"

Sat Nov 15 05:26:13 UTC 2025 - Executing "magic -noconsole -dnull -rcfile /home/kitti/OpenLane/pdks/sky130A/libs.tech/magic/sky130A.magicrc < /openlane/scripts/magic/wrapper.tcl |& tee /dev/null /openlane/designs/FIR_p/runs/RUN_2025.11.15_04.41.11/logs/signoff/33-lef.log"

Sat Nov 15 05:26:45 UTC 2025 - Executing "magic -noconsole -dnull -rcfile /home/kitti/OpenLane/pdks/sky130A/libs.tech/magic/sky130A.magicrc < /openlane/scripts/magic/wrapper.tcl |& tee /dev/null /openlane/designs/FIR_p/runs/RUN_2025.11.15_04.41.11/logs/signoff/33-maglef.log"

Sat Nov 15 05:26:56 UTC 2025 - Executing "magic -noconsole -dnull -rcfile /home/kitti/OpenLane/pdks/sky130A/libs.tech/magic/sky130A.magicrc < /openlane/scripts/magic/wrapper.tcl |& tee /dev/null /openlane/designs/FIR_p/runs/RUN_2025.11.15_04.41.11/logs/signoff/34-drc.log"

Sat Nov 15 05:26:59 UTC 2025 - Executing "python3 /openlane/scripts/drc_rosetta.py magic to_tcl -o /openlane/designs/FIR_p/runs/RUN_2025.11.15_04.41.11/reports/signoff/drc.tcl /openlane/designs/FIR_p/runs/RUN_2025.11.15_04.41.11/reports/signoff/drc.rpt"

Sat Nov 15 05:26:59 UTC 2025 - Executing "python3 /openlane/scripts/drc_rosetta.py magic to_tr -o /openlane/designs/FIR_p/runs/RUN_2025.11.15_04.41.11/reports/signoff/drc.tr /openlane/designs/FIR_p/runs/RUN_2025.11.15_04.41.11/reports/signoff/drc.rpt"

Sat Nov 15 05:26:59 UTC 2025 - Executing "python3 /openlane/scripts/drc_rosetta.py tr to_klayout -o /openlane/designs/FIR_p/runs/RUN_2025.11.15_04.41.11/reports/signoff/drc.klayout.xml --design-name FIR_Lowpass_Filter /openlane/designs/FIR_p/runs/RUN_2025.11.15_04.41.11/reports/signoff/drc.tr"

Sat Nov 15 05:26:59 UTC 2025 - Executing "python3 /openlane/scripts/drc_rosetta.py magic to_rdb -o /openlane/designs/FIR_p/runs/RUN_2025.11.15_04.41.11/reports/signoff/drc.rdb /openlane/designs/FIR_p/runs/RUN_2025.11.15_04.41.11/reports/signoff/drc.rpt"

Sat Nov 15 05:27:10 UTC 2025 - Executing "openroad -exit -no_init -python /openlane/scripts/odbpy/power_utils.py write_powered_def --output /openlane/designs/FIR_p/runs/RUN_2025.11.15_04.41.11/tmp/signoff/34-FIR_Lowpass_Filter.p.def --input-lef /openlane/designs/FIR_p/runs/RUN_2025.11.15_04.41.11/tmp/merged.nom.lef --power-port VPWR --ground-port VGND --powered-netlist {} /openlane/designs/FIR_p/runs/RUN_2025.11.15_04.41.11/results/routing/FIR_Lowpass_Filter.def |& tee /dev/null /openlane/designs/FIR_p/runs/RUN_2025.11.15_04.41.11/logs/signoff/35-write_powered_def.log"

Sat Nov 15 05:27:13 UTC 2025 - Executing "openroad -exit /openlane/scripts/openroad/write_views.tcl |& tee /dev/null /openlane/designs/FIR_p/runs/RUN_2025.11.15_04.41.11/logs/signoff/35-write_powered_verilog.log"

Sat Nov 15 05:27:17 UTC 2025 - Executing "sed -i.bak -e {s/\(set ::env(CURRENT_NETLIST)\).*/\1 \/openlane\/designs\/FIR_p\/runs\/RUN_2025.11.15_04.41.11\/tmp\/signoff\/34-FIR_Lowpass_Filter.nl.v/} /openlane/designs/FIR_p/runs/RUN_2025.11.15_04.41.11/config.tcl"

Sat Nov 15 05:27:36 UTC 2025 - Executing "openroad -exit /openlane/scripts/openroad/antenna_check.tcl |& tee /dev/null /openlane/designs/FIR_p/runs/RUN_2025.11.15_04.41.11/logs/signoff/38-arc.log"

Sat Nov 15 05:27:41 UTC 2025 - Executing "python3 /openlane/scripts/extract_antenna_violators.py --output /openlane/designs/FIR_p/runs/RUN_2025.11.15_04.41.11/reports/signoff/38-antenna_violators.rpt --plain-out /openlane/designs/FIR_p/runs/RUN_2025.11.15_04.41.11/reports/signoff/38-antenna_violators_pins.txt /openlane/designs/FIR_p/runs/RUN_2025.11.15_04.41.11/logs/signoff/38-arc.log"

Sat Nov 15 05:27:52 UTC 2025 - Executing "openroad -exit /openlane/scripts/openroad/pdn.tcl |& tee /dev/null /openlane/designs/FIR_p/runs/RUN_2025.11.15_04.41.11/logs/floorplan/39-pdn.log"

Sat Nov 15 05:28:19 UTC 2025 - Executing "magic -noconsole -dnull -rcfile /home/kitti/OpenLane/pdks/sky130A/libs.tech/magic/sky130A.magicrc < /openlane/scripts/magic/wrapper.tcl |& tee /dev/null /openlane/designs/FIR_p/runs/RUN_2025.11.15_04.41.11/logs/signoff/40-gdsii.log"

Sat Nov 15 05:28:21 UTC 2025 - Executing "magic -noconsole -dnull -rcfile /home/kitti/OpenLane/pdks/sky130A/libs.tech/magic/sky130A.magicrc < /openlane/scripts/magic/wrapper.tcl |& tee /dev/null /openlane/designs/FIR_p/runs/RUN_2025.11.15_04.41.11/logs/signoff/40-gds_ptrs.log"

Sat Nov 15 05:28:23 UTC 2025 - Executing "sed -i.bak -n {/^<< properties >>/,/^<< end >>/p} /openlane/designs/FIR_p/runs/RUN_2025.11.15_04.41.11/tmp/signoff/gds_ptrs.mag"

Sat Nov 15 05:28:23 UTC 2025 - Executing "magic -noconsole -dnull -rcfile /home/kitti/OpenLane/pdks/sky130A/libs.tech/magic/sky130A.magicrc < /openlane/scripts/magic/wrapper.tcl |& tee /dev/null /openlane/designs/FIR_p/runs/RUN_2025.11.15_04.41.11/logs/signoff/40-lef.log"

Sat Nov 15 05:28:55 UTC 2025 - Executing "magic -noconsole -dnull -rcfile /home/kitti/OpenLane/pdks/sky130A/libs.tech/magic/sky130A.magicrc < /openlane/scripts/magic/wrapper.tcl |& tee /dev/null /openlane/designs/FIR_p/runs/RUN_2025.11.15_04.41.11/logs/signoff/40-maglef.log"

Sat Nov 15 05:32:35 UTC 2025 - Executing "openroad -exit -no_init -python /openlane/scripts/odbpy/power_utils.py write_powered_def --output /openlane/designs/FIR_p/runs/RUN_2025.11.15_04.41.11/tmp/signoff/40-FIR_Lowpass_Filter.p.def --input-lef /openlane/designs/FIR_p/runs/RUN_2025.11.15_04.41.11/tmp/merged.nom.lef --power-port VPWR --ground-port VGND --powered-netlist {} /openlane/designs/FIR_p/runs/RUN_2025.11.15_04.41.11/results/floorplan/FIR_Lowpass_Filter.def |& tee /dev/null /openlane/designs/FIR_p/runs/RUN_2025.11.15_04.41.11/logs/signoff/41-write_powered_def.log"

Sat Nov 15 05:32:38 UTC 2025 - Executing "openroad -exit /openlane/scripts/openroad/write_views.tcl |& tee /dev/null /openlane/designs/FIR_p/runs/RUN_2025.11.15_04.41.11/logs/signoff/41-write_powered_verilog.log"

Sat Nov 15 05:32:41 UTC 2025 - Executing "sed -i.bak -e {s/\(set ::env(CURRENT_NETLIST)\).*/\1 \/openlane\/designs\/FIR_p\/runs\/RUN_2025.11.15_04.41.11\/tmp\/signoff\/40-FIR_Lowpass_Filter.nl.v/} /openlane/designs/FIR_p/runs/RUN_2025.11.15_04.41.11/config.tcl"

Sat Nov 15 06:00:29 UTC 2025 - Executing "openroad -exit -no_init -python /openlane/scripts/odbpy/power_utils.py write_powered_def --output /openlane/designs/FIR_p/runs/RUN_2025.11.15_04.41.11/tmp/signoff/43-FIR_Lowpass_Filter.p.def --input-lef /openlane/designs/FIR_p/runs/RUN_2025.11.15_04.41.11/tmp/merged.nom.lef --power-port VPWR --ground-port VGND --powered-netlist {} /openlane/designs/FIR_p/runs/RUN_2025.11.15_04.41.11/tmp/signoff/40-FIR_Lowpass_Filter.p.def |& tee /dev/null /openlane/designs/FIR_p/runs/RUN_2025.11.15_04.41.11/logs/signoff/44-write_powered_def.log"

Sat Nov 15 06:00:32 UTC 2025 - Executing "openroad -exit /openlane/scripts/openroad/write_views.tcl |& tee /dev/null /openlane/designs/FIR_p/runs/RUN_2025.11.15_04.41.11/logs/signoff/44-write_powered_verilog.log"

Sat Nov 15 06:00:36 UTC 2025 - Executing "sed -i.bak -e {s/\(set ::env(CURRENT_NETLIST)\).*/\1 \/openlane\/designs\/FIR_p\/runs\/RUN_2025.11.15_04.41.11\/tmp\/signoff\/43-FIR_Lowpass_Filter.nl.v/} /openlane/designs/FIR_p/runs/RUN_2025.11.15_04.41.11/config.tcl"

Sat Nov 15 06:00:36 UTC 2025 - Executing "netgen -batch source /openlane/designs/FIR_p/runs/RUN_2025.11.15_04.41.11/tmp/signoff/46-setup_file.lef.lvs |& tee /dev/null /openlane/designs/FIR_p/runs/RUN_2025.11.15_04.41.11/logs/signoff/46-lvs.lef.log"

Sat Nov 15 06:01:23 UTC 2025 - Executing "magic -noconsole -dnull -rcfile /home/kitti/OpenLane/pdks/sky130A/libs.tech/magic/sky130A.magicrc < /openlane/scripts/magic/wrapper.tcl |& tee /dev/null /openlane/designs/FIR_p/runs/RUN_2025.11.15_04.41.11/logs/signoff/47-gdsii.log"

Sat Nov 15 06:01:25 UTC 2025 - Executing "magic -noconsole -dnull -rcfile /home/kitti/OpenLane/pdks/sky130A/libs.tech/magic/sky130A.magicrc < /openlane/scripts/magic/wrapper.tcl |& tee /dev/null /openlane/designs/FIR_p/runs/RUN_2025.11.15_04.41.11/logs/signoff/47-gds_ptrs.log"

Sat Nov 15 06:01:28 UTC 2025 - Executing "sed -i.bak -n {/^<< properties >>/,/^<< end >>/p} /openlane/designs/FIR_p/runs/RUN_2025.11.15_04.41.11/tmp/signoff/gds_ptrs.mag"

Sat Nov 15 06:01:28 UTC 2025 - Executing "magic -noconsole -dnull -rcfile /home/kitti/OpenLane/pdks/sky130A/libs.tech/magic/sky130A.magicrc < /openlane/scripts/magic/wrapper.tcl |& tee /dev/null /openlane/designs/FIR_p/runs/RUN_2025.11.15_04.41.11/logs/signoff/47-lef.log"

Sat Nov 15 06:02:00 UTC 2025 - Executing "magic -noconsole -dnull -rcfile /home/kitti/OpenLane/pdks/sky130A/libs.tech/magic/sky130A.magicrc < /openlane/scripts/magic/wrapper.tcl |& tee /dev/null /openlane/designs/FIR_p/runs/RUN_2025.11.15_04.41.11/logs/signoff/47-maglef.log"

