OpenROAD 41a51eaf4ca2171c92ff38afb91eb37bbd3f36da 
This program is licensed under the BSD-3 license. See the LICENSE file for details.
Components of this program may be licensed under more restrictive licenses which must be honored.
[INFO]: Reading ODB at '/openlane/designs/FIR_p/runs/RUN_2025.11.15_04.41.11/tmp/placement/9-resizer.odb'…
define_corners Typical
read_liberty -corner Typical /home/kitti/OpenLane/pdks/sky130A/libs.ref/sky130_fd_sc_hd/lib/sky130_fd_sc_hd__tt_025C_1v80.lib
Using 1e-12 for capacitance...
Using 1e+03 for resistance...
Using 1e-09 for time...
Using 1e+00 for voltage...
Using 1e-03 for current...
Using 1e-09 for power...
Using 1e-06 for distance...
Reading design constraints file at '/openlane/designs/FIR_p/runs/RUN_2025.11.15_04.41.11/tmp/placement/9-resizer.sdc'…
Placement Analysis
---------------------------------
total displacement          0.0 u
average displacement        0.0 u
max displacement            0.0 u
original HPWL          817588.6 u
legalized HPWL         840557.7 u
delta HPWL                    3 %

[INFO DPL-0020] Mirrored 12267 instances
[INFO DPL-0021] HPWL before          840557.7 u
[INFO DPL-0022] HPWL after           817588.6 u
[INFO DPL-0023] HPWL delta               -2.7 %
Setting global connections for newly added cells…
Writing OpenROAD database to '/openlane/designs/FIR_p/runs/RUN_2025.11.15_04.41.11/results/placement/FIR_Lowpass_Filter.odb'…
Writing netlist to '/openlane/designs/FIR_p/runs/RUN_2025.11.15_04.41.11/results/placement/FIR_Lowpass_Filter.nl.v'…
Writing powered netlist to '/openlane/designs/FIR_p/runs/RUN_2025.11.15_04.41.11/results/placement/FIR_Lowpass_Filter.pnl.v'…
Writing layout to '/openlane/designs/FIR_p/runs/RUN_2025.11.15_04.41.11/results/placement/FIR_Lowpass_Filter.def'…
