OpenROAD 41a51eaf4ca2171c92ff38afb91eb37bbd3f36da 
This program is licensed under the BSD-3 license. See the LICENSE file for details.
Components of this program may be licensed under more restrictive licenses which must be honored.
[INFO]: Reading ODB at '/openlane/designs/FIR_p/runs/RUN_2025.11.15_04.41.11/results/floorplan/FIR_Lowpass_Filter.odb'…
define_corners Typical
read_liberty -corner Typical /home/kitti/OpenLane/pdks/sky130A/libs.ref/sky130_fd_sc_hd/lib/sky130_fd_sc_hd__tt_025C_1v80.lib
Using 1e-12 for capacitance...
Using 1e+03 for resistance...
Using 1e-09 for time...
Using 1e+00 for voltage...
Using 1e-03 for current...
Using 1e-09 for power...
Using 1e-06 for distance...
Reading design constraints file at '/openlane/designs/FIR_p/runs/RUN_2025.11.15_04.41.11/tmp/floorplan/3-initial_fp.sdc'…
[INFO]: Setting RC values...
[INFO]: Setting signal min routing layer to: met1 and clock min routing layer to met3. 
[INFO]: Setting signal max routing layer to: met5 and clock max routing layer to met5. 
[INFO GPL-0002] DBU: 1000
[INFO GPL-0003] SiteSize: 460 2720
[INFO GPL-0004] CoreAreaLxLy: 5520 10880
[INFO GPL-0005] CoreAreaUxUy: 899300 903040
[INFO GPL-0006] NumInstances: 38185
[INFO GPL-0007] NumPlaceInstances: 26144
[INFO GPL-0008] NumFixedInstances: 12041
[INFO GPL-0009] NumDummyInstances: 0
[INFO GPL-0010] NumNets: 26161
[INFO GPL-0011] NumPins: 97103
[INFO GPL-0012] DieAreaLxLy: 0 0
[INFO GPL-0013] DieAreaUxUy: 905110 915830
[INFO GPL-0014] CoreAreaLxLy: 5520 10880
[INFO GPL-0015] CoreAreaUxUy: 899300 903040
[INFO GPL-0016] CoreArea: 797394764800
[INFO GPL-0017] NonPlaceInstsArea: 16707273600
[INFO GPL-0018] PlaceInstsArea: 239807494400
[INFO GPL-0019] Util(%): 30.72
[INFO GPL-0020] StdInstsArea: 239807494400
[INFO GPL-0021] MacroInstsArea: 0
[InitialPlace]  Iter: 1 CG residual: 0.00228759 HPWL: 232192530
[InitialPlace]  Iter: 2 CG residual: 0.00303200 HPWL: 245369992
[InitialPlace]  Iter: 3 CG residual: 0.00144652 HPWL: 244610618
[InitialPlace]  Iter: 4 CG residual: 0.00292898 HPWL: 245555265
[InitialPlace]  Iter: 5 CG residual: 0.00133865 HPWL: 245024802
[InitialPlace]  Iter: 6 CG residual: 0.00261132 HPWL: 245477085
[InitialPlace]  Iter: 7 CG residual: 0.00145616 HPWL: 244818338
[InitialPlace]  Iter: 8 CG residual: 0.00226623 HPWL: 245173440
[InitialPlace]  Iter: 9 CG residual: 0.00157883 HPWL: 244501642
[InitialPlace]  Iter: 10 CG residual: 0.00222488 HPWL: 244838261
[InitialPlace]  Iter: 11 CG residual: 0.00128291 HPWL: 244219504
[InitialPlace]  Iter: 12 CG residual: 0.01570836 HPWL: 244543159
[InitialPlace]  Iter: 13 CG residual: 0.00109687 HPWL: 244059672
[InitialPlace]  Iter: 14 CG residual: 0.22345312 HPWL: 243194384
[InitialPlace]  Iter: 15 CG residual: 0.01766574 HPWL: 328761128
[InitialPlace]  Iter: 16 CG residual: 0.00398768 HPWL: 273778951
[InitialPlace]  Iter: 17 CG residual: 0.02300042 HPWL: 246264541
[InitialPlace]  Iter: 18 CG residual: 0.00241056 HPWL: 241381492
[InitialPlace]  Iter: 19 CG residual: 0.00162264 HPWL: 239371314
[InitialPlace]  Iter: 20 CG residual: 0.00021384 HPWL: 235639125
[INFO GPL-0031] FillerInit: NumGCells: 34269
[INFO GPL-0032] FillerInit: NumGNets: 26161
[INFO GPL-0033] FillerInit: NumGPins: 97103
[INFO GPL-0023] TargetDensity: 0.40
[INFO GPL-0024] AveragePlaceInstArea: 9172563
[INFO GPL-0025] IdealBinArea: 22931408
[INFO GPL-0026] IdealBinCnt: 34773
[INFO GPL-0027] TotalBinArea: 797394764800
[INFO GPL-0028] BinCnt: 128 128
[INFO GPL-0029] BinSize: 6983 6970
[INFO GPL-0030] NumBins: 16384
[NesterovSolve] Iter: 1 overflow: 0.993925 HPWL: 87894220
[NesterovSolve] Iter: 10 overflow: 0.984739 HPWL: 105152371
[NesterovSolve] Iter: 20 overflow: 0.981179 HPWL: 117895207
[NesterovSolve] Iter: 30 overflow: 0.978078 HPWL: 129420780
[NesterovSolve] Iter: 40 overflow: 0.975531 HPWL: 139641594
[NesterovSolve] Iter: 50 overflow: 0.973604 HPWL: 147921551
[NesterovSolve] Iter: 60 overflow: 0.972073 HPWL: 153859307
[NesterovSolve] Iter: 70 overflow: 0.970179 HPWL: 157547631
[NesterovSolve] Iter: 80 overflow: 0.967985 HPWL: 159537698
[NesterovSolve] Iter: 90 overflow: 0.965693 HPWL: 160761573
[NesterovSolve] Iter: 100 overflow: 0.963651 HPWL: 162056116
[NesterovSolve] Iter: 110 overflow: 0.961678 HPWL: 163893590
[NesterovSolve] Iter: 120 overflow: 0.959765 HPWL: 166410846
[NesterovSolve] Iter: 130 overflow: 0.958057 HPWL: 169572094
[NesterovSolve] Iter: 140 overflow: 0.956234 HPWL: 173269553
[NesterovSolve] Iter: 150 overflow: 0.954459 HPWL: 177243692
[NesterovSolve] Iter: 160 overflow: 0.95229 HPWL: 181385488
[NesterovSolve] Iter: 170 overflow: 0.950148 HPWL: 185849758
[NesterovSolve] Iter: 180 overflow: 0.94752 HPWL: 191132751
[NesterovSolve] Iter: 190 overflow: 0.9445 HPWL: 198007946
[NesterovSolve] Iter: 200 overflow: 0.940782 HPWL: 207495120
[NesterovSolve] Iter: 210 overflow: 0.934636 HPWL: 220815038
[NesterovSolve] Iter: 220 overflow: 0.926022 HPWL: 239192529
[NesterovSolve] Iter: 230 overflow: 0.913232 HPWL: 263836321
[NesterovSolve] Iter: 240 overflow: 0.895601 HPWL: 295453089
[NesterovSolve] Iter: 250 overflow: 0.872017 HPWL: 334191379
[NesterovSolve] Iter: 260 overflow: 0.842755 HPWL: 380058093
[NesterovSolve] Iter: 270 overflow: 0.809883 HPWL: 427481027
[INFO GPL-0100] worst slack -3.51e-09
[INFO GPL-0103] Weighted 2615 nets.
[NesterovSolve] Iter: 280 overflow: 0.775563 HPWL: 467870508
[NesterovSolve] Iter: 290 overflow: 0.740548 HPWL: 508915791
[NesterovSolve] Iter: 300 overflow: 0.702418 HPWL: 548936787
[NesterovSolve] Iter: 310 overflow: 0.663141 HPWL: 598652412
[INFO GPL-0100] worst slack -5.4e-09
[INFO GPL-0103] Weighted 2614 nets.
[NesterovSolve] Iter: 320 overflow: 0.617947 HPWL: 661016480
[NesterovSolve] Snapshot saved at iter = 324
[NesterovSolve] Iter: 330 overflow: 0.574988 HPWL: 699389241
[NesterovSolve] Iter: 340 overflow: 0.538003 HPWL: 702878407
[NesterovSolve] Iter: 350 overflow: 0.503612 HPWL: 730982165
[INFO GPL-0100] worst slack -5.63e-09
[INFO GPL-0103] Weighted 2615 nets.
[NesterovSolve] Iter: 360 overflow: 0.460879 HPWL: 762379981
[NesterovSolve] Iter: 370 overflow: 0.423998 HPWL: 763920063
[NesterovSolve] Iter: 380 overflow: 0.391383 HPWL: 767696491
[NesterovSolve] Iter: 390 overflow: 0.359752 HPWL: 769265220
[NesterovSolve] Iter: 400 overflow: 0.326558 HPWL: 775065563
[NesterovSolve] Iter: 410 overflow: 0.304961 HPWL: 770295921
[INFO GPL-0100] worst slack -4.31e-09
[INFO GPL-0103] Weighted 2614 nets.
[NesterovSolve] Iter: 420 overflow: 0.281969 HPWL: 770544904
[NesterovSolve] Iter: 430 overflow: 0.257006 HPWL: 771916711
[NesterovSolve] Iter: 440 overflow: 0.231944 HPWL: 772515259
[NesterovSolve] Iter: 450 overflow: 0.209727 HPWL: 773540851
[INFO GPL-0100] worst slack -4.04e-09
[INFO GPL-0103] Weighted 2605 nets.
[INFO GPL-0075] Routability numCall: 1 inflationIterCnt: 1 bloatIterCnt: 0
[INFO GPL-0036] TileLxLy: 0 0
[INFO GPL-0037] TileSize: 6900 6900
[INFO GPL-0038] TileCnt: 131 132
[INFO GPL-0039] numRoutingLayers: 6
[INFO GPL-0040] NumTiles: 17292
[INFO GPL-0063] TotalRouteOverflowH2: 0.10000002384185791
[INFO GPL-0064] TotalRouteOverflowV2: 0.9000000953674316
[INFO GPL-0065] OverflowTileCnt2: 7
[INFO GPL-0066] 0.5%RC: 1.005357143424806
[INFO GPL-0067] 1.0%RC: 1.0026785717124032
[INFO GPL-0068] 2.0%RC: 1.001341281811278
[INFO GPL-0069] 5.0%RC: 0.9589789457201816
[INFO GPL-0070] 0.5rcK: 1.0
[INFO GPL-0071] 1.0rcK: 1.0
[INFO GPL-0072] 2.0rcK: 0.0
[INFO GPL-0073] 5.0rcK: 0.0
[INFO GPL-0074] FinalRC: 1.0040178
[NesterovSolve] Iter: 460 overflow: 0.188738 HPWL: 774902586
[NesterovSolve] Iter: 470 overflow: 0.16896 HPWL: 776277793
[NesterovSolve] Iter: 480 overflow: 0.150017 HPWL: 778234097
[INFO GPL-0100] worst slack -3.9e-09
[INFO GPL-0103] Weighted 2614 nets.
[NesterovSolve] Iter: 490 overflow: 0.132105 HPWL: 780318475
[NesterovSolve] Iter: 500 overflow: 0.115071 HPWL: 782262265
[NesterovSolve] Iter: 510 overflow: 0.099445 HPWL: 784765770
[NesterovSolve] Finished with Overflow: 0.099445
Setting global connections for newly added cells…
Writing OpenROAD database to '/openlane/designs/FIR_p/runs/RUN_2025.11.15_04.41.11/tmp/placement/7-global.odb'…
Writing netlist to '/openlane/designs/FIR_p/runs/RUN_2025.11.15_04.41.11/tmp/placement/7-global.nl.v'…
Writing powered netlist to '/openlane/designs/FIR_p/runs/RUN_2025.11.15_04.41.11/tmp/placement/7-global.pnl.v'…
Writing layout to '/openlane/designs/FIR_p/runs/RUN_2025.11.15_04.41.11/tmp/placement/7-global.def'…
