OpenROAD 41a51eaf4ca2171c92ff38afb91eb37bbd3f36da 
This program is licensed under the BSD-3 license. See the LICENSE file for details.
Components of this program may be licensed under more restrictive licenses which must be honored.
[INFO ODB-0222] Reading LEF file: /openlane/designs/FIR_p/runs/RUN_2025.11.15_04.41.11/tmp/merged.nom.lef
[INFO ODB-0223]     Created 14 technology layers
[INFO ODB-0224]     Created 25 technology vias
[INFO ODB-0225]     Created 441 library cells
[INFO ODB-0226] Finished LEF file:  /openlane/designs/FIR_p/runs/RUN_2025.11.15_04.41.11/tmp/merged.nom.lef
[INFO ODB-0127] Reading DEF file: /openlane/designs/FIR_p/runs/RUN_2025.11.15_04.41.11/results/floorplan/FIR_Lowpass_Filter.def
[INFO ODB-0128] Design: FIR_Lowpass_Filter
[INFO ODB-0130]     Created 60 pins.
[INFO ODB-0131]     Created 99170 components and 473657 component-terminals.
[INFO ODB-0132]     Created 2 special nets and 373910 connections.
[INFO ODB-0133]     Created 27491 nets and 99747 connections.
[INFO ODB-0134] Finished DEF file: /openlane/designs/FIR_p/runs/RUN_2025.11.15_04.41.11/results/floorplan/FIR_Lowpass_Filter.def
Top-level design name: FIR_Lowpass_Filter
Found default power net 'VPWR'
Found default ground net 'VGND'
Found 1 power ports.
Found 1 ground ports.
Modified power connections of 99170/99170 cells.
