Netgen 1.5.255 compiled on Wed Jul 12 10:06:14 UTC 2023
Warning: netgen command 'format' use fully-qualified name '::netgen::format'
Warning: netgen command 'global' use fully-qualified name '::netgen::global'
Generating JSON file result
Reading netlist file /openlane/designs/FIR_p/runs/RUN_2025.11.15_04.41.11/tmp/signoff/40-FIR_Lowpass_Filter.pnl.v
Creating placeholder cell definition for module sky130_fd_sc_hd__diode_2.
Creating placeholder cell definition for module sky130_fd_sc_hd__decap_3.
Creating placeholder cell definition for module sky130_ef_sc_hd__decap_12.
Creating placeholder cell definition for module sky130_fd_sc_hd__decap_6.
Creating placeholder cell definition for module sky130_fd_sc_hd__fill_1.
Creating placeholder cell definition for module sky130_fd_sc_hd__fill_2.
Creating placeholder cell definition for module sky130_fd_sc_hd__decap_4.
Creating placeholder cell definition for module sky130_fd_sc_hd__decap_8.
Creating placeholder cell definition for module sky130_fd_sc_hd__tapvpwrvgnd_1.
Creating placeholder cell definition for module sky130_fd_sc_hd__and3_2.
Creating placeholder cell definition for module sky130_fd_sc_hd__nor3_1.
Creating placeholder cell definition for module sky130_fd_sc_hd__o21a_1.
Creating placeholder cell definition for module sky130_fd_sc_hd__o2bb2ai_4.
Creating placeholder cell definition for module sky130_fd_sc_hd__o21ba_2.
Creating placeholder cell definition for module sky130_fd_sc_hd__a2111oi_1.
Creating placeholder cell definition for module sky130_fd_sc_hd__buf_6.
Creating placeholder cell definition for module sky130_fd_sc_hd__o211ai_2.
Creating placeholder cell definition for module sky130_fd_sc_hd__inv_2.
Creating placeholder cell definition for module sky130_fd_sc_hd__a31o_2.
Creating placeholder cell definition for module sky130_fd_sc_hd__a21oi_4.
Creating placeholder cell definition for module sky130_fd_sc_hd__o21ai_4.
Creating placeholder cell definition for module sky130_fd_sc_hd__o211a_1.
Creating placeholder cell definition for module sky130_fd_sc_hd__nor2b_2.
Creating placeholder cell definition for module sky130_fd_sc_hd__nor2_1.
Creating placeholder cell definition for module sky130_fd_sc_hd__dlymetal6s2s_1.
Creating placeholder cell definition for module sky130_fd_sc_hd__buf_1.
Creating placeholder cell definition for module sky130_fd_sc_hd__or2b_1.
Creating placeholder cell definition for module sky130_fd_sc_hd__nand2_1.
Creating placeholder cell definition for module sky130_fd_sc_hd__o21ai_2.
Creating placeholder cell definition for module sky130_fd_sc_hd__nand3b_2.
Creating placeholder cell definition for module sky130_fd_sc_hd__a21bo_1.
Creating placeholder cell definition for module sky130_fd_sc_hd__and2_1.
Creating placeholder cell definition for module sky130_fd_sc_hd__nand2_2.
Creating placeholder cell definition for module sky130_fd_sc_hd__o21ai_1.
Creating placeholder cell definition for module sky130_fd_sc_hd__a211o_1.
Creating placeholder cell definition for module sky130_fd_sc_hd__nand4_2.
Creating placeholder cell definition for module sky130_fd_sc_hd__a21oi_2.
Creating placeholder cell definition for module sky130_fd_sc_hd__a211oi_2.
Creating placeholder cell definition for module sky130_fd_sc_hd__o21bai_1.
Creating placeholder cell definition for module sky130_fd_sc_hd__nand3b_1.
Creating placeholder cell definition for module sky130_fd_sc_hd__xnor2_1.
Creating placeholder cell definition for module sky130_fd_sc_hd__o311a_1.
Creating placeholder cell definition for module sky130_fd_sc_hd__or2_1.
Creating placeholder cell definition for module sky130_fd_sc_hd__a21boi_1.
Creating placeholder cell definition for module sky130_fd_sc_hd__or2b_2.
Creating placeholder cell definition for module sky130_fd_sc_hd__xor2_4.
Creating placeholder cell definition for module sky130_fd_sc_hd__xnor2_4.
Creating placeholder cell definition for module sky130_fd_sc_hd__xnor2_2.
Creating placeholder cell definition for module sky130_fd_sc_hd__a21o_1.
Creating placeholder cell definition for module sky130_fd_sc_hd__nor2_2.
Creating placeholder cell definition for module sky130_fd_sc_hd__o211ai_4.
Creating placeholder cell definition for module sky130_fd_sc_hd__nand3_1.
Creating placeholder cell definition for module sky130_fd_sc_hd__nand3_2.
Creating placeholder cell definition for module sky130_fd_sc_hd__a21oi_1.
Creating placeholder cell definition for module sky130_fd_sc_hd__nand3_4.
Creating placeholder cell definition for module sky130_fd_sc_hd__buf_4.
Creating placeholder cell definition for module sky130_fd_sc_hd__a21boi_4.
Creating placeholder cell definition for module sky130_fd_sc_hd__a31o_4.
Creating placeholder cell definition for module sky130_fd_sc_hd__a2bb2oi_4.
Creating placeholder cell definition for module sky130_fd_sc_hd__and3_1.
Creating placeholder cell definition for module sky130_fd_sc_hd__o211ai_1.
Creating placeholder cell definition for module sky130_fd_sc_hd__buf_2.
Creating placeholder cell definition for module sky130_fd_sc_hd__clkbuf_2.
Creating placeholder cell definition for module sky130_fd_sc_hd__o21bai_2.
Creating placeholder cell definition for module sky130_fd_sc_hd__o211a_4.
Creating placeholder cell definition for module sky130_fd_sc_hd__nor3_2.
Creating placeholder cell definition for module sky130_fd_sc_hd__and2_2.
Creating placeholder cell definition for module sky130_fd_sc_hd__and4bb_1.
Creating placeholder cell definition for module sky130_fd_sc_hd__o2bb2a_1.
Creating placeholder cell definition for module sky130_fd_sc_hd__a31o_1.
Creating placeholder cell definition for module sky130_fd_sc_hd__o22ai_4.
Creating placeholder cell definition for module sky130_fd_sc_hd__o22ai_2.
Creating placeholder cell definition for module sky130_fd_sc_hd__and2b_1.
Creating placeholder cell definition for module sky130_fd_sc_hd__a211oi_4.
Creating placeholder cell definition for module sky130_fd_sc_hd__o2111a_1.
Creating placeholder cell definition for module sky130_fd_sc_hd__a311oi_4.
Creating placeholder cell definition for module sky130_fd_sc_hd__or4_1.
Creating placeholder cell definition for module sky130_fd_sc_hd__a22oi_1.
Creating placeholder cell definition for module sky130_fd_sc_hd__a32oi_4.
Creating placeholder cell definition for module sky130_fd_sc_hd__a21boi_2.
Creating placeholder cell definition for module sky130_fd_sc_hd__xor2_2.
Creating placeholder cell definition for module sky130_fd_sc_hd__a22oi_4.
Creating placeholder cell definition for module sky130_fd_sc_hd__o211a_2.
Creating placeholder cell definition for module sky130_fd_sc_hd__a21o_2.
Creating placeholder cell definition for module sky130_fd_sc_hd__or3b_2.
Creating placeholder cell definition for module sky130_fd_sc_hd__a21bo_2.
Creating placeholder cell definition for module sky130_fd_sc_hd__a211oi_1.
Creating placeholder cell definition for module sky130_fd_sc_hd__o2111ai_2.
Creating placeholder cell definition for module sky130_fd_sc_hd__or4bb_2.
Creating placeholder cell definition for module sky130_fd_sc_hd__a2bb2o_1.
Creating placeholder cell definition for module sky130_fd_sc_hd__a221o_1.
Creating placeholder cell definition for module sky130_fd_sc_hd__o221ai_4.
Creating placeholder cell definition for module sky130_fd_sc_hd__nand2b_4.
Creating placeholder cell definition for module sky130_fd_sc_hd__nand2b_2.
Creating placeholder cell definition for module sky130_fd_sc_hd__clkbuf_4.
Creating placeholder cell definition for module sky130_fd_sc_hd__o21a_2.
Creating placeholder cell definition for module sky130_fd_sc_hd__or4_4.
Creating placeholder cell definition for module sky130_fd_sc_hd__o2111a_2.
Creating placeholder cell definition for module sky130_fd_sc_hd__or3_4.
Creating placeholder cell definition for module sky130_fd_sc_hd__o2bb2ai_2.
Creating placeholder cell definition for module sky130_fd_sc_hd__nor2b_1.
Creating placeholder cell definition for module sky130_fd_sc_hd__or2b_4.
Creating placeholder cell definition for module sky130_fd_sc_hd__nand4_4.
Creating placeholder cell definition for module sky130_fd_sc_hd__o2bb2ai_1.
Creating placeholder cell definition for module sky130_fd_sc_hd__a2bb2oi_2.
Creating placeholder cell definition for module sky130_fd_sc_hd__o2111ai_1.
Creating placeholder cell definition for module sky130_fd_sc_hd__o21bai_4.
Creating placeholder cell definition for module sky130_fd_sc_hd__o221a_1.
Creating placeholder cell definition for module sky130_fd_sc_hd__a31oi_4.
Creating placeholder cell definition for module sky130_fd_sc_hd__o31a_2.
Creating placeholder cell definition for module sky130_fd_sc_hd__xor2_1.
Creating placeholder cell definition for module sky130_fd_sc_hd__or2_2.
Creating placeholder cell definition for module sky130_fd_sc_hd__a32o_2.
Creating placeholder cell definition for module sky130_fd_sc_hd__a31oi_1.
Creating placeholder cell definition for module sky130_fd_sc_hd__or3_1.
Creating placeholder cell definition for module sky130_fd_sc_hd__and4b_1.
Creating placeholder cell definition for module sky130_fd_sc_hd__a32oi_2.
Creating placeholder cell definition for module sky130_fd_sc_hd__o31a_1.
Creating placeholder cell definition for module sky130_fd_sc_hd__o221ai_2.
Creating placeholder cell definition for module sky130_fd_sc_hd__a22o_1.
Creating placeholder cell definition for module sky130_fd_sc_hd__nand3b_4.
Creating placeholder cell definition for module sky130_fd_sc_hd__a2bb2o_2.
Creating placeholder cell definition for module sky130_fd_sc_hd__a22oi_2.
Creating placeholder cell definition for module sky130_fd_sc_hd__or3b_1.
Creating placeholder cell definition for module sky130_fd_sc_hd__and2b_2.
Creating placeholder cell definition for module sky130_fd_sc_hd__and4_1.
Creating placeholder cell definition for module sky130_fd_sc_hd__a41o_1.
Creating placeholder cell definition for module sky130_fd_sc_hd__o2111ai_4.
Creating placeholder cell definition for module sky130_fd_sc_hd__a22o_2.
Creating placeholder cell definition for module sky130_fd_sc_hd__nand4_1.
Creating placeholder cell definition for module sky130_fd_sc_hd__or3_2.
Creating placeholder cell definition for module sky130_fd_sc_hd__o22ai_1.
Creating placeholder cell definition for module sky130_fd_sc_hd__and3_4.
Creating placeholder cell definition for module sky130_fd_sc_hd__o22a_1.
Creating placeholder cell definition for module sky130_fd_sc_hd__nor3_4.
Creating placeholder cell definition for module sky130_fd_sc_hd__o2bb2a_2.
Creating placeholder cell definition for module sky130_fd_sc_hd__and3b_1.
Creating placeholder cell definition for module sky130_fd_sc_hd__o32a_1.
Creating placeholder cell definition for module sky130_fd_sc_hd__nand4b_4.
Creating placeholder cell definition for module sky130_fd_sc_hd__a311oi_2.
Creating placeholder cell definition for module sky130_fd_sc_hd__and2_4.
Creating placeholder cell definition for module sky130_fd_sc_hd__nor4_1.
Creating placeholder cell definition for module sky130_fd_sc_hd__and4_2.
Creating placeholder cell definition for module sky130_fd_sc_hd__a221oi_1.
Creating placeholder cell definition for module sky130_fd_sc_hd__and2b_4.
Creating placeholder cell definition for module sky130_fd_sc_hd__o32ai_4.
Creating placeholder cell definition for module sky130_fd_sc_hd__a311o_1.
Creating placeholder cell definition for module sky130_fd_sc_hd__nand4b_1.
Creating placeholder cell definition for module sky130_fd_sc_hd__or4_2.
Creating placeholder cell definition for module sky130_fd_sc_hd__o21ba_1.
Creating placeholder cell definition for module sky130_fd_sc_hd__nor2_4.
Creating placeholder cell definition for module sky130_fd_sc_hd__nand4b_2.
Creating placeholder cell definition for module sky130_fd_sc_hd__a221oi_2.
Creating placeholder cell definition for module sky130_fd_sc_hd__or4b_1.
Creating placeholder cell definition for module sky130_fd_sc_hd__nor4_2.
Creating placeholder cell definition for module sky130_fd_sc_hd__a211o_2.
Creating placeholder cell definition for module sky130_fd_sc_hd__or4bb_4.
Creating placeholder cell definition for module sky130_fd_sc_hd__a32o_1.
Creating placeholder cell definition for module sky130_fd_sc_hd__mux2_1.
Creating placeholder cell definition for module sky130_fd_sc_hd__and4b_2.
Creating placeholder cell definition for module sky130_fd_sc_hd__o2111a_4.
Creating placeholder cell definition for module sky130_fd_sc_hd__nand2b_1.
Creating placeholder cell definition for module sky130_fd_sc_hd__o311a_2.
Creating placeholder cell definition for module sky130_fd_sc_hd__a311o_2.
Creating placeholder cell definition for module sky130_fd_sc_hd__a22o_4.
Creating placeholder cell definition for module sky130_fd_sc_hd__nand2_4.
Creating placeholder cell definition for module sky130_fd_sc_hd__a31oi_2.
Creating placeholder cell definition for module sky130_fd_sc_hd__o31ai_1.
Creating placeholder cell definition for module sky130_fd_sc_hd__a2111o_1.
Creating placeholder cell definition for module sky130_fd_sc_hd__o221a_4.
Creating placeholder cell definition for module sky130_fd_sc_hd__a2bb2oi_1.
Creating placeholder cell definition for module sky130_fd_sc_hd__nor2_8.
Creating placeholder cell definition for module sky130_fd_sc_hd__o32a_2.
Creating placeholder cell definition for module sky130_fd_sc_hd__and3b_2.
Creating placeholder cell definition for module sky130_fd_sc_hd__or4b_2.
Creating placeholder cell definition for module sky130_fd_sc_hd__nor3b_1.
Creating placeholder cell definition for module sky130_fd_sc_hd__a2111oi_2.
Creating placeholder cell definition for module sky130_fd_sc_hd__o32ai_2.
Creating placeholder cell definition for module sky130_fd_sc_hd__o41ai_4.
Creating placeholder cell definition for module sky130_fd_sc_hd__or4bb_1.
Creating placeholder cell definition for module sky130_fd_sc_hd__o221a_2.
Creating placeholder cell definition for module sky130_fd_sc_hd__or2_4.
Creating placeholder cell definition for module sky130_fd_sc_hd__a41o_2.
Creating placeholder cell definition for module sky130_fd_sc_hd__nor3b_2.
Creating placeholder cell definition for module sky130_fd_sc_hd__or3b_4.
Creating placeholder cell definition for module sky130_fd_sc_hd__a221oi_4.
Creating placeholder cell definition for module sky130_fd_sc_hd__o21a_4.
Creating placeholder cell definition for module sky130_fd_sc_hd__o22a_4.
Creating placeholder cell definition for module sky130_fd_sc_hd__nor2b_4.
Creating placeholder cell definition for module sky130_fd_sc_hd__a41o_4.
Creating placeholder cell definition for module sky130_fd_sc_hd__o311a_4.
Creating placeholder cell definition for module sky130_fd_sc_hd__o31a_4.
Creating placeholder cell definition for module sky130_fd_sc_hd__a21o_4.
Creating placeholder cell definition for module sky130_fd_sc_hd__mux2_2.
Creating placeholder cell definition for module sky130_fd_sc_hd__o41ai_2.
Creating placeholder cell definition for module sky130_fd_sc_hd__a2111oi_4.
Creating placeholder cell definition for module sky130_fd_sc_hd__o31ai_2.
Creating placeholder cell definition for module sky130_fd_sc_hd__nor3b_4.
Creating placeholder cell definition for module sky130_fd_sc_hd__nand4bb_1.
Creating placeholder cell definition for module sky130_fd_sc_hd__o22a_2.
Creating placeholder cell definition for module sky130_fd_sc_hd__a41oi_4.
Creating placeholder cell definition for module sky130_fd_sc_hd__and4bb_2.
Creating placeholder cell definition for module sky130_fd_sc_hd__a21bo_4.
Creating placeholder cell definition for module sky130_fd_sc_hd__a41oi_2.
Creating placeholder cell definition for module sky130_fd_sc_hd__o41a_1.
Creating placeholder cell definition for module sky130_fd_sc_hd__o2bb2a_4.
Creating placeholder cell definition for module sky130_fd_sc_hd__o221ai_1.
Creating placeholder cell definition for module sky130_fd_sc_hd__a311oi_1.
Creating placeholder cell definition for module sky130_fd_sc_hd__a221o_2.
Creating placeholder cell definition for module sky130_fd_sc_hd__clkbuf_1.
Creating placeholder cell definition for module sky130_fd_sc_hd__and4b_4.
Creating placeholder cell definition for module sky130_fd_sc_hd__o32a_4.
Creating placeholder cell definition for module sky130_fd_sc_hd__clkinvlp_2.
Creating placeholder cell definition for module sky130_fd_sc_hd__or4b_4.
Creating placeholder cell definition for module sky130_fd_sc_hd__and4bb_4.
Creating placeholder cell definition for module sky130_fd_sc_hd__nor4b_1.
Creating placeholder cell definition for module sky130_fd_sc_hd__a211o_4.
Creating placeholder cell definition for module sky130_fd_sc_hd__a32oi_1.
Creating placeholder cell definition for module sky130_fd_sc_hd__and4_4.
Creating placeholder cell definition for module sky130_fd_sc_hd__o32ai_1.
Creating placeholder cell definition for module sky130_fd_sc_hd__a2111o_2.
Creating placeholder cell definition for module sky130_fd_sc_hd__o31ai_4.
Creating placeholder cell definition for module sky130_fd_sc_hd__a32o_4.
Creating placeholder cell definition for module sky130_fd_sc_hd__a2111o_4.
Creating placeholder cell definition for module sky130_fd_sc_hd__a2bb2o_4.
Creating placeholder cell definition for module sky130_fd_sc_hd__o311ai_4.
Creating placeholder cell definition for module sky130_fd_sc_hd__nand2_8.
Creating placeholder cell definition for module sky130_fd_sc_hd__o21ba_4.
Creating placeholder cell definition for module sky130_fd_sc_hd__a221o_4.
Creating placeholder cell definition for module sky130_fd_sc_hd__clkinv_4.
Creating placeholder cell definition for module sky130_fd_sc_hd__o41a_2.
Creating placeholder cell definition for module sky130_fd_sc_hd__nor4_4.
Creating placeholder cell definition for module sky130_fd_sc_hd__o41ai_1.
Creating placeholder cell definition for module sky130_fd_sc_hd__dfxtp_1.
Creating placeholder cell definition for module sky130_fd_sc_hd__dfxtp_2.
Creating placeholder cell definition for module sky130_fd_sc_hd__dfxtp_4.
Creating placeholder cell definition for module sky130_fd_sc_hd__clkbuf_16.
Creating placeholder cell definition for module sky130_fd_sc_hd__clkbuf_8.
Creating placeholder cell definition for module sky130_fd_sc_hd__dlygate4sd3_1.
Creating placeholder cell definition for module sky130_fd_sc_hd__dlymetal6s4s_1.
Creating placeholder cell definition for module sky130_fd_sc_hd__dlygate4sd1_1.
Creating placeholder cell definition for module sky130_fd_sc_hd__clkdlybuf4s18_2.
Creating placeholder cell definition for module sky130_fd_sc_hd__buf_8.
Reading netlist file /openlane/designs/FIR_p/runs/RUN_2025.11.15_04.41.11/tmp/signoff/43-FIR_Lowpass_Filter.pnl.v
Creating placeholder cell definition for module sky130_fd_sc_hd__diode_2.
Creating placeholder cell definition for module sky130_fd_sc_hd__decap_3.
Creating placeholder cell definition for module sky130_ef_sc_hd__decap_12.
Creating placeholder cell definition for module sky130_fd_sc_hd__decap_6.
Creating placeholder cell definition for module sky130_fd_sc_hd__fill_1.
Creating placeholder cell definition for module sky130_fd_sc_hd__fill_2.
Creating placeholder cell definition for module sky130_fd_sc_hd__decap_4.
Creating placeholder cell definition for module sky130_fd_sc_hd__decap_8.
Creating placeholder cell definition for module sky130_fd_sc_hd__tapvpwrvgnd_1.
Creating placeholder cell definition for module sky130_fd_sc_hd__and3_2.
Creating placeholder cell definition for module sky130_fd_sc_hd__nor3_1.
Creating placeholder cell definition for module sky130_fd_sc_hd__o21a_1.
Creating placeholder cell definition for module sky130_fd_sc_hd__o2bb2ai_4.
Creating placeholder cell definition for module sky130_fd_sc_hd__o21ba_2.
Creating placeholder cell definition for module sky130_fd_sc_hd__a2111oi_1.
Creating placeholder cell definition for module sky130_fd_sc_hd__buf_6.
Creating placeholder cell definition for module sky130_fd_sc_hd__o211ai_2.
Creating placeholder cell definition for module sky130_fd_sc_hd__inv_2.
Creating placeholder cell definition for module sky130_fd_sc_hd__a31o_2.
Creating placeholder cell definition for module sky130_fd_sc_hd__a21oi_4.
Creating placeholder cell definition for module sky130_fd_sc_hd__o21ai_4.
Creating placeholder cell definition for module sky130_fd_sc_hd__o211a_1.
Creating placeholder cell definition for module sky130_fd_sc_hd__nor2b_2.
Creating placeholder cell definition for module sky130_fd_sc_hd__nor2_1.
Creating placeholder cell definition for module sky130_fd_sc_hd__dlymetal6s2s_1.
Creating placeholder cell definition for module sky130_fd_sc_hd__buf_1.
Creating placeholder cell definition for module sky130_fd_sc_hd__or2b_1.
Creating placeholder cell definition for module sky130_fd_sc_hd__nand2_1.
Creating placeholder cell definition for module sky130_fd_sc_hd__o21ai_2.
Creating placeholder cell definition for module sky130_fd_sc_hd__nand3b_2.
Creating placeholder cell definition for module sky130_fd_sc_hd__a21bo_1.
Creating placeholder cell definition for module sky130_fd_sc_hd__and2_1.
Creating placeholder cell definition for module sky130_fd_sc_hd__nand2_2.
Creating placeholder cell definition for module sky130_fd_sc_hd__o21ai_1.
Creating placeholder cell definition for module sky130_fd_sc_hd__a211o_1.
Creating placeholder cell definition for module sky130_fd_sc_hd__nand4_2.
Creating placeholder cell definition for module sky130_fd_sc_hd__a21oi_2.
Creating placeholder cell definition for module sky130_fd_sc_hd__a211oi_2.
Creating placeholder cell definition for module sky130_fd_sc_hd__o21bai_1.
Creating placeholder cell definition for module sky130_fd_sc_hd__nand3b_1.
Creating placeholder cell definition for module sky130_fd_sc_hd__xnor2_1.
Creating placeholder cell definition for module sky130_fd_sc_hd__o311a_1.
Creating placeholder cell definition for module sky130_fd_sc_hd__or2_1.
Creating placeholder cell definition for module sky130_fd_sc_hd__a21boi_1.
Creating placeholder cell definition for module sky130_fd_sc_hd__or2b_2.
Creating placeholder cell definition for module sky130_fd_sc_hd__xor2_4.
Creating placeholder cell definition for module sky130_fd_sc_hd__xnor2_4.
Creating placeholder cell definition for module sky130_fd_sc_hd__xnor2_2.
Creating placeholder cell definition for module sky130_fd_sc_hd__a21o_1.
Creating placeholder cell definition for module sky130_fd_sc_hd__nor2_2.
Creating placeholder cell definition for module sky130_fd_sc_hd__o211ai_4.
Creating placeholder cell definition for module sky130_fd_sc_hd__nand3_1.
Creating placeholder cell definition for module sky130_fd_sc_hd__nand3_2.
Creating placeholder cell definition for module sky130_fd_sc_hd__a21oi_1.
Creating placeholder cell definition for module sky130_fd_sc_hd__nand3_4.
Creating placeholder cell definition for module sky130_fd_sc_hd__buf_4.
Creating placeholder cell definition for module sky130_fd_sc_hd__a21boi_4.
Creating placeholder cell definition for module sky130_fd_sc_hd__a31o_4.
Creating placeholder cell definition for module sky130_fd_sc_hd__a2bb2oi_4.
Creating placeholder cell definition for module sky130_fd_sc_hd__and3_1.
Creating placeholder cell definition for module sky130_fd_sc_hd__o211ai_1.
Creating placeholder cell definition for module sky130_fd_sc_hd__buf_2.
Creating placeholder cell definition for module sky130_fd_sc_hd__clkbuf_2.
Creating placeholder cell definition for module sky130_fd_sc_hd__o21bai_2.
Creating placeholder cell definition for module sky130_fd_sc_hd__o211a_4.
Creating placeholder cell definition for module sky130_fd_sc_hd__nor3_2.
Creating placeholder cell definition for module sky130_fd_sc_hd__and2_2.
Creating placeholder cell definition for module sky130_fd_sc_hd__and4bb_1.
Creating placeholder cell definition for module sky130_fd_sc_hd__o2bb2a_1.
Creating placeholder cell definition for module sky130_fd_sc_hd__a31o_1.
Creating placeholder cell definition for module sky130_fd_sc_hd__o22ai_4.
Creating placeholder cell definition for module sky130_fd_sc_hd__o22ai_2.
Creating placeholder cell definition for module sky130_fd_sc_hd__and2b_1.
Creating placeholder cell definition for module sky130_fd_sc_hd__a211oi_4.
Creating placeholder cell definition for module sky130_fd_sc_hd__o2111a_1.
Creating placeholder cell definition for module sky130_fd_sc_hd__a311oi_4.
Creating placeholder cell definition for module sky130_fd_sc_hd__or4_1.
Creating placeholder cell definition for module sky130_fd_sc_hd__a22oi_1.
Creating placeholder cell definition for module sky130_fd_sc_hd__a32oi_4.
Creating placeholder cell definition for module sky130_fd_sc_hd__a21boi_2.
Creating placeholder cell definition for module sky130_fd_sc_hd__xor2_2.
Creating placeholder cell definition for module sky130_fd_sc_hd__a22oi_4.
Creating placeholder cell definition for module sky130_fd_sc_hd__o211a_2.
Creating placeholder cell definition for module sky130_fd_sc_hd__a21o_2.
Creating placeholder cell definition for module sky130_fd_sc_hd__or3b_2.
Creating placeholder cell definition for module sky130_fd_sc_hd__a21bo_2.
Creating placeholder cell definition for module sky130_fd_sc_hd__a211oi_1.
Creating placeholder cell definition for module sky130_fd_sc_hd__o2111ai_2.
Creating placeholder cell definition for module sky130_fd_sc_hd__or4bb_2.
Creating placeholder cell definition for module sky130_fd_sc_hd__a2bb2o_1.
Creating placeholder cell definition for module sky130_fd_sc_hd__a221o_1.
Creating placeholder cell definition for module sky130_fd_sc_hd__o221ai_4.
Creating placeholder cell definition for module sky130_fd_sc_hd__nand2b_4.
Creating placeholder cell definition for module sky130_fd_sc_hd__nand2b_2.
Creating placeholder cell definition for module sky130_fd_sc_hd__clkbuf_4.
Creating placeholder cell definition for module sky130_fd_sc_hd__o21a_2.
Creating placeholder cell definition for module sky130_fd_sc_hd__or4_4.
Creating placeholder cell definition for module sky130_fd_sc_hd__o2111a_2.
Creating placeholder cell definition for module sky130_fd_sc_hd__or3_4.
Creating placeholder cell definition for module sky130_fd_sc_hd__o2bb2ai_2.
Creating placeholder cell definition for module sky130_fd_sc_hd__nor2b_1.
Creating placeholder cell definition for module sky130_fd_sc_hd__or2b_4.
Creating placeholder cell definition for module sky130_fd_sc_hd__nand4_4.
Creating placeholder cell definition for module sky130_fd_sc_hd__o2bb2ai_1.
Creating placeholder cell definition for module sky130_fd_sc_hd__a2bb2oi_2.
Creating placeholder cell definition for module sky130_fd_sc_hd__o2111ai_1.
Creating placeholder cell definition for module sky130_fd_sc_hd__o21bai_4.
Creating placeholder cell definition for module sky130_fd_sc_hd__o221a_1.
Creating placeholder cell definition for module sky130_fd_sc_hd__a31oi_4.
Creating placeholder cell definition for module sky130_fd_sc_hd__o31a_2.
Creating placeholder cell definition for module sky130_fd_sc_hd__xor2_1.
Creating placeholder cell definition for module sky130_fd_sc_hd__or2_2.
Creating placeholder cell definition for module sky130_fd_sc_hd__a32o_2.
Creating placeholder cell definition for module sky130_fd_sc_hd__a31oi_1.
Creating placeholder cell definition for module sky130_fd_sc_hd__or3_1.
Creating placeholder cell definition for module sky130_fd_sc_hd__and4b_1.
Creating placeholder cell definition for module sky130_fd_sc_hd__a32oi_2.
Creating placeholder cell definition for module sky130_fd_sc_hd__o31a_1.
Creating placeholder cell definition for module sky130_fd_sc_hd__o221ai_2.
Creating placeholder cell definition for module sky130_fd_sc_hd__a22o_1.
Creating placeholder cell definition for module sky130_fd_sc_hd__nand3b_4.
Creating placeholder cell definition for module sky130_fd_sc_hd__a2bb2o_2.
Creating placeholder cell definition for module sky130_fd_sc_hd__a22oi_2.
Creating placeholder cell definition for module sky130_fd_sc_hd__or3b_1.
Creating placeholder cell definition for module sky130_fd_sc_hd__and2b_2.
Creating placeholder cell definition for module sky130_fd_sc_hd__and4_1.
Creating placeholder cell definition for module sky130_fd_sc_hd__a41o_1.
Creating placeholder cell definition for module sky130_fd_sc_hd__o2111ai_4.
Creating placeholder cell definition for module sky130_fd_sc_hd__a22o_2.
Creating placeholder cell definition for module sky130_fd_sc_hd__nand4_1.
Creating placeholder cell definition for module sky130_fd_sc_hd__or3_2.
Creating placeholder cell definition for module sky130_fd_sc_hd__o22ai_1.
Creating placeholder cell definition for module sky130_fd_sc_hd__and3_4.
Creating placeholder cell definition for module sky130_fd_sc_hd__o22a_1.
Creating placeholder cell definition for module sky130_fd_sc_hd__nor3_4.
Creating placeholder cell definition for module sky130_fd_sc_hd__o2bb2a_2.
Creating placeholder cell definition for module sky130_fd_sc_hd__and3b_1.
Creating placeholder cell definition for module sky130_fd_sc_hd__o32a_1.
Creating placeholder cell definition for module sky130_fd_sc_hd__nand4b_4.
Creating placeholder cell definition for module sky130_fd_sc_hd__a311oi_2.
Creating placeholder cell definition for module sky130_fd_sc_hd__and2_4.
Creating placeholder cell definition for module sky130_fd_sc_hd__nor4_1.
Creating placeholder cell definition for module sky130_fd_sc_hd__and4_2.
Creating placeholder cell definition for module sky130_fd_sc_hd__a221oi_1.
Creating placeholder cell definition for module sky130_fd_sc_hd__and2b_4.
Creating placeholder cell definition for module sky130_fd_sc_hd__o32ai_4.
Creating placeholder cell definition for module sky130_fd_sc_hd__a311o_1.
Creating placeholder cell definition for module sky130_fd_sc_hd__nand4b_1.
Creating placeholder cell definition for module sky130_fd_sc_hd__or4_2.
Creating placeholder cell definition for module sky130_fd_sc_hd__o21ba_1.
Creating placeholder cell definition for module sky130_fd_sc_hd__nor2_4.
Creating placeholder cell definition for module sky130_fd_sc_hd__nand4b_2.
Creating placeholder cell definition for module sky130_fd_sc_hd__a221oi_2.
Creating placeholder cell definition for module sky130_fd_sc_hd__or4b_1.
Creating placeholder cell definition for module sky130_fd_sc_hd__nor4_2.
Creating placeholder cell definition for module sky130_fd_sc_hd__a211o_2.
Creating placeholder cell definition for module sky130_fd_sc_hd__or4bb_4.
Creating placeholder cell definition for module sky130_fd_sc_hd__a32o_1.
Creating placeholder cell definition for module sky130_fd_sc_hd__mux2_1.
Creating placeholder cell definition for module sky130_fd_sc_hd__and4b_2.
Creating placeholder cell definition for module sky130_fd_sc_hd__o2111a_4.
Creating placeholder cell definition for module sky130_fd_sc_hd__nand2b_1.
Creating placeholder cell definition for module sky130_fd_sc_hd__o311a_2.
Creating placeholder cell definition for module sky130_fd_sc_hd__a311o_2.
Creating placeholder cell definition for module sky130_fd_sc_hd__a22o_4.
Creating placeholder cell definition for module sky130_fd_sc_hd__nand2_4.
Creating placeholder cell definition for module sky130_fd_sc_hd__a31oi_2.
Creating placeholder cell definition for module sky130_fd_sc_hd__o31ai_1.
Creating placeholder cell definition for module sky130_fd_sc_hd__a2111o_1.
Creating placeholder cell definition for module sky130_fd_sc_hd__o221a_4.
Creating placeholder cell definition for module sky130_fd_sc_hd__a2bb2oi_1.
Creating placeholder cell definition for module sky130_fd_sc_hd__nor2_8.
Creating placeholder cell definition for module sky130_fd_sc_hd__o32a_2.
Creating placeholder cell definition for module sky130_fd_sc_hd__and3b_2.
Creating placeholder cell definition for module sky130_fd_sc_hd__or4b_2.
Creating placeholder cell definition for module sky130_fd_sc_hd__nor3b_1.
Creating placeholder cell definition for module sky130_fd_sc_hd__a2111oi_2.
Creating placeholder cell definition for module sky130_fd_sc_hd__o32ai_2.
Creating placeholder cell definition for module sky130_fd_sc_hd__o41ai_4.
Creating placeholder cell definition for module sky130_fd_sc_hd__or4bb_1.
Creating placeholder cell definition for module sky130_fd_sc_hd__o221a_2.
Creating placeholder cell definition for module sky130_fd_sc_hd__or2_4.
Creating placeholder cell definition for module sky130_fd_sc_hd__a41o_2.
Creating placeholder cell definition for module sky130_fd_sc_hd__nor3b_2.
Creating placeholder cell definition for module sky130_fd_sc_hd__or3b_4.
Creating placeholder cell definition for module sky130_fd_sc_hd__a221oi_4.
Creating placeholder cell definition for module sky130_fd_sc_hd__o21a_4.
Creating placeholder cell definition for module sky130_fd_sc_hd__o22a_4.
Creating placeholder cell definition for module sky130_fd_sc_hd__nor2b_4.
Creating placeholder cell definition for module sky130_fd_sc_hd__a41o_4.
Creating placeholder cell definition for module sky130_fd_sc_hd__o311a_4.
Creating placeholder cell definition for module sky130_fd_sc_hd__o31a_4.
Creating placeholder cell definition for module sky130_fd_sc_hd__a21o_4.
Creating placeholder cell definition for module sky130_fd_sc_hd__mux2_2.
Creating placeholder cell definition for module sky130_fd_sc_hd__o41ai_2.
Creating placeholder cell definition for module sky130_fd_sc_hd__a2111oi_4.
Creating placeholder cell definition for module sky130_fd_sc_hd__o31ai_2.
Creating placeholder cell definition for module sky130_fd_sc_hd__nor3b_4.
Creating placeholder cell definition for module sky130_fd_sc_hd__nand4bb_1.
Creating placeholder cell definition for module sky130_fd_sc_hd__o22a_2.
Creating placeholder cell definition for module sky130_fd_sc_hd__a41oi_4.
Creating placeholder cell definition for module sky130_fd_sc_hd__and4bb_2.
Creating placeholder cell definition for module sky130_fd_sc_hd__a21bo_4.
Creating placeholder cell definition for module sky130_fd_sc_hd__a41oi_2.
Creating placeholder cell definition for module sky130_fd_sc_hd__o41a_1.
Creating placeholder cell definition for module sky130_fd_sc_hd__o2bb2a_4.
Creating placeholder cell definition for module sky130_fd_sc_hd__o221ai_1.
Creating placeholder cell definition for module sky130_fd_sc_hd__a311oi_1.
Creating placeholder cell definition for module sky130_fd_sc_hd__a221o_2.
Creating placeholder cell definition for module sky130_fd_sc_hd__clkbuf_1.
Creating placeholder cell definition for module sky130_fd_sc_hd__and4b_4.
Creating placeholder cell definition for module sky130_fd_sc_hd__o32a_4.
Creating placeholder cell definition for module sky130_fd_sc_hd__clkinvlp_2.
Creating placeholder cell definition for module sky130_fd_sc_hd__or4b_4.
Creating placeholder cell definition for module sky130_fd_sc_hd__and4bb_4.
Creating placeholder cell definition for module sky130_fd_sc_hd__nor4b_1.
Creating placeholder cell definition for module sky130_fd_sc_hd__a211o_4.
Creating placeholder cell definition for module sky130_fd_sc_hd__a32oi_1.
Creating placeholder cell definition for module sky130_fd_sc_hd__and4_4.
Creating placeholder cell definition for module sky130_fd_sc_hd__o32ai_1.
Creating placeholder cell definition for module sky130_fd_sc_hd__a2111o_2.
Creating placeholder cell definition for module sky130_fd_sc_hd__o31ai_4.
Creating placeholder cell definition for module sky130_fd_sc_hd__a32o_4.
Creating placeholder cell definition for module sky130_fd_sc_hd__a2111o_4.
Creating placeholder cell definition for module sky130_fd_sc_hd__a2bb2o_4.
Creating placeholder cell definition for module sky130_fd_sc_hd__o311ai_4.
Creating placeholder cell definition for module sky130_fd_sc_hd__nand2_8.
Creating placeholder cell definition for module sky130_fd_sc_hd__o21ba_4.
Creating placeholder cell definition for module sky130_fd_sc_hd__a221o_4.
Creating placeholder cell definition for module sky130_fd_sc_hd__clkinv_4.
Creating placeholder cell definition for module sky130_fd_sc_hd__o41a_2.
Creating placeholder cell definition for module sky130_fd_sc_hd__nor4_4.
Creating placeholder cell definition for module sky130_fd_sc_hd__o41ai_1.
Creating placeholder cell definition for module sky130_fd_sc_hd__dfxtp_1.
Creating placeholder cell definition for module sky130_fd_sc_hd__dfxtp_2.
Creating placeholder cell definition for module sky130_fd_sc_hd__dfxtp_4.
Creating placeholder cell definition for module sky130_fd_sc_hd__clkbuf_16.
Creating placeholder cell definition for module sky130_fd_sc_hd__clkbuf_8.
Creating placeholder cell definition for module sky130_fd_sc_hd__dlygate4sd3_1.
Creating placeholder cell definition for module sky130_fd_sc_hd__dlymetal6s4s_1.
Creating placeholder cell definition for module sky130_fd_sc_hd__dlygate4sd1_1.
Creating placeholder cell definition for module sky130_fd_sc_hd__clkdlybuf4s18_2.
Creating placeholder cell definition for module sky130_fd_sc_hd__buf_8.

Reading setup file /home/kitti/OpenLane/pdks/sky130A/libs.tech/netgen/sky130A_setup.tcl

Comparison output logged to file /openlane/designs/FIR_p/runs/RUN_2025.11.15_04.41.11/logs/signoff/46-FIR_Lowpass_Filter.lef.lvs.log
Logging to file "/openlane/designs/FIR_p/runs/RUN_2025.11.15_04.41.11/logs/signoff/46-FIR_Lowpass_Filter.lef.lvs.log" enabled
Circuit sky130_fd_sc_hd__diode_2 contains no devices.
Circuit sky130_fd_sc_hd__decap_3 contains no devices.
Circuit sky130_ef_sc_hd__decap_12 contains no devices.
Circuit sky130_fd_sc_hd__decap_6 contains no devices.
Circuit sky130_fd_sc_hd__fill_1 contains no devices.
Circuit sky130_fd_sc_hd__fill_2 contains no devices.
Circuit sky130_fd_sc_hd__decap_4 contains no devices.
Circuit sky130_fd_sc_hd__decap_8 contains no devices.
Circuit sky130_fd_sc_hd__tapvpwrvgnd_1 contains no devices.
Circuit sky130_fd_sc_hd__and3_2 contains no devices.
Circuit sky130_fd_sc_hd__nor3_1 contains no devices.
Circuit sky130_fd_sc_hd__o21a_1 contains no devices.
Circuit sky130_fd_sc_hd__o2bb2ai_4 contains no devices.
Circuit sky130_fd_sc_hd__o21ba_2 contains no devices.
Circuit sky130_fd_sc_hd__a2111oi_1 contains no devices.
Circuit sky130_fd_sc_hd__buf_6 contains no devices.
Circuit sky130_fd_sc_hd__o211ai_2 contains no devices.
Circuit sky130_fd_sc_hd__inv_2 contains no devices.
Circuit sky130_fd_sc_hd__a31o_2 contains no devices.
Circuit sky130_fd_sc_hd__a21oi_4 contains no devices.
Circuit sky130_fd_sc_hd__o21ai_4 contains no devices.
Circuit sky130_fd_sc_hd__o211a_1 contains no devices.
Circuit sky130_fd_sc_hd__nor2b_2 contains no devices.
Circuit sky130_fd_sc_hd__nor2_1 contains no devices.
Circuit sky130_fd_sc_hd__dlymetal6s2s_1 contains no devices.
Circuit sky130_fd_sc_hd__buf_1 contains no devices.
Circuit sky130_fd_sc_hd__or2b_1 contains no devices.
Circuit sky130_fd_sc_hd__nand2_1 contains no devices.
Circuit sky130_fd_sc_hd__o21ai_2 contains no devices.
Circuit sky130_fd_sc_hd__nand3b_2 contains no devices.
Circuit sky130_fd_sc_hd__a21bo_1 contains no devices.
Circuit sky130_fd_sc_hd__and2_1 contains no devices.
Circuit sky130_fd_sc_hd__nand2_2 contains no devices.
Circuit sky130_fd_sc_hd__o21ai_1 contains no devices.
Circuit sky130_fd_sc_hd__a211o_1 contains no devices.
Circuit sky130_fd_sc_hd__nand4_2 contains no devices.
Circuit sky130_fd_sc_hd__a21oi_2 contains no devices.
Circuit sky130_fd_sc_hd__a211oi_2 contains no devices.
Circuit sky130_fd_sc_hd__o21bai_1 contains no devices.
Circuit sky130_fd_sc_hd__nand3b_1 contains no devices.
Circuit sky130_fd_sc_hd__xnor2_1 contains no devices.
Circuit sky130_fd_sc_hd__o311a_1 contains no devices.
Circuit sky130_fd_sc_hd__or2_1 contains no devices.
Circuit sky130_fd_sc_hd__a21boi_1 contains no devices.
Circuit sky130_fd_sc_hd__or2b_2 contains no devices.
Circuit sky130_fd_sc_hd__xor2_4 contains no devices.
Circuit sky130_fd_sc_hd__xnor2_4 contains no devices.
Circuit sky130_fd_sc_hd__xnor2_2 contains no devices.
Circuit sky130_fd_sc_hd__a21o_1 contains no devices.
Circuit sky130_fd_sc_hd__nor2_2 contains no devices.
Circuit sky130_fd_sc_hd__o211ai_4 contains no devices.
Circuit sky130_fd_sc_hd__nand3_1 contains no devices.
Circuit sky130_fd_sc_hd__nand3_2 contains no devices.
Circuit sky130_fd_sc_hd__a21oi_1 contains no devices.
Circuit sky130_fd_sc_hd__nand3_4 contains no devices.
Circuit sky130_fd_sc_hd__buf_4 contains no devices.
Circuit sky130_fd_sc_hd__a21boi_4 contains no devices.
Circuit sky130_fd_sc_hd__a31o_4 contains no devices.
Circuit sky130_fd_sc_hd__a2bb2oi_4 contains no devices.
Circuit sky130_fd_sc_hd__and3_1 contains no devices.
Circuit sky130_fd_sc_hd__o211ai_1 contains no devices.
Circuit sky130_fd_sc_hd__buf_2 contains no devices.
Circuit sky130_fd_sc_hd__clkbuf_2 contains no devices.
Circuit sky130_fd_sc_hd__o21bai_2 contains no devices.
Circuit sky130_fd_sc_hd__o211a_4 contains no devices.
Circuit sky130_fd_sc_hd__nor3_2 contains no devices.
Circuit sky130_fd_sc_hd__and2_2 contains no devices.
Circuit sky130_fd_sc_hd__and4bb_1 contains no devices.
Circuit sky130_fd_sc_hd__o2bb2a_1 contains no devices.
Circuit sky130_fd_sc_hd__a31o_1 contains no devices.
Circuit sky130_fd_sc_hd__o22ai_4 contains no devices.
Circuit sky130_fd_sc_hd__o22ai_2 contains no devices.
Circuit sky130_fd_sc_hd__and2b_1 contains no devices.
Circuit sky130_fd_sc_hd__a211oi_4 contains no devices.
Circuit sky130_fd_sc_hd__o2111a_1 contains no devices.
Circuit sky130_fd_sc_hd__a311oi_4 contains no devices.
Circuit sky130_fd_sc_hd__or4_1 contains no devices.
Circuit sky130_fd_sc_hd__a22oi_1 contains no devices.
Circuit sky130_fd_sc_hd__a32oi_4 contains no devices.
Circuit sky130_fd_sc_hd__a21boi_2 contains no devices.
Circuit sky130_fd_sc_hd__xor2_2 contains no devices.
Circuit sky130_fd_sc_hd__a22oi_4 contains no devices.
Circuit sky130_fd_sc_hd__o211a_2 contains no devices.
Circuit sky130_fd_sc_hd__a21o_2 contains no devices.
Circuit sky130_fd_sc_hd__or3b_2 contains no devices.
Circuit sky130_fd_sc_hd__a21bo_2 contains no devices.
Circuit sky130_fd_sc_hd__a211oi_1 contains no devices.
Circuit sky130_fd_sc_hd__o2111ai_2 contains no devices.
Circuit sky130_fd_sc_hd__or4bb_2 contains no devices.
Circuit sky130_fd_sc_hd__a2bb2o_1 contains no devices.
Circuit sky130_fd_sc_hd__a221o_1 contains no devices.
Circuit sky130_fd_sc_hd__o221ai_4 contains no devices.
Circuit sky130_fd_sc_hd__nand2b_4 contains no devices.
Circuit sky130_fd_sc_hd__nand2b_2 contains no devices.
Circuit sky130_fd_sc_hd__clkbuf_4 contains no devices.
Circuit sky130_fd_sc_hd__o21a_2 contains no devices.
Circuit sky130_fd_sc_hd__or4_4 contains no devices.
Circuit sky130_fd_sc_hd__o2111a_2 contains no devices.
Circuit sky130_fd_sc_hd__or3_4 contains no devices.
Circuit sky130_fd_sc_hd__o2bb2ai_2 contains no devices.
Circuit sky130_fd_sc_hd__nor2b_1 contains no devices.
Circuit sky130_fd_sc_hd__or2b_4 contains no devices.
Circuit sky130_fd_sc_hd__nand4_4 contains no devices.
Circuit sky130_fd_sc_hd__o2bb2ai_1 contains no devices.
Circuit sky130_fd_sc_hd__a2bb2oi_2 contains no devices.
Circuit sky130_fd_sc_hd__o2111ai_1 contains no devices.
Circuit sky130_fd_sc_hd__o21bai_4 contains no devices.
Circuit sky130_fd_sc_hd__o221a_1 contains no devices.
Circuit sky130_fd_sc_hd__a31oi_4 contains no devices.
Circuit sky130_fd_sc_hd__o31a_2 contains no devices.
Circuit sky130_fd_sc_hd__xor2_1 contains no devices.
Circuit sky130_fd_sc_hd__or2_2 contains no devices.
Circuit sky130_fd_sc_hd__a32o_2 contains no devices.
Circuit sky130_fd_sc_hd__a31oi_1 contains no devices.
Circuit sky130_fd_sc_hd__or3_1 contains no devices.
Circuit sky130_fd_sc_hd__and4b_1 contains no devices.
Circuit sky130_fd_sc_hd__a32oi_2 contains no devices.
Circuit sky130_fd_sc_hd__o31a_1 contains no devices.
Circuit sky130_fd_sc_hd__o221ai_2 contains no devices.
Circuit sky130_fd_sc_hd__a22o_1 contains no devices.
Circuit sky130_fd_sc_hd__nand3b_4 contains no devices.
Circuit sky130_fd_sc_hd__a2bb2o_2 contains no devices.
Circuit sky130_fd_sc_hd__a22oi_2 contains no devices.
Circuit sky130_fd_sc_hd__or3b_1 contains no devices.
Circuit sky130_fd_sc_hd__and2b_2 contains no devices.
Circuit sky130_fd_sc_hd__and4_1 contains no devices.
Circuit sky130_fd_sc_hd__a41o_1 contains no devices.
Circuit sky130_fd_sc_hd__o2111ai_4 contains no devices.
Circuit sky130_fd_sc_hd__a22o_2 contains no devices.
Circuit sky130_fd_sc_hd__nand4_1 contains no devices.
Circuit sky130_fd_sc_hd__or3_2 contains no devices.
Circuit sky130_fd_sc_hd__o22ai_1 contains no devices.
Circuit sky130_fd_sc_hd__and3_4 contains no devices.
Circuit sky130_fd_sc_hd__o22a_1 contains no devices.
Circuit sky130_fd_sc_hd__nor3_4 contains no devices.
Circuit sky130_fd_sc_hd__o2bb2a_2 contains no devices.
Circuit sky130_fd_sc_hd__and3b_1 contains no devices.
Circuit sky130_fd_sc_hd__o32a_1 contains no devices.
Circuit sky130_fd_sc_hd__nand4b_4 contains no devices.
Circuit sky130_fd_sc_hd__a311oi_2 contains no devices.
Circuit sky130_fd_sc_hd__and2_4 contains no devices.
Circuit sky130_fd_sc_hd__nor4_1 contains no devices.
Circuit sky130_fd_sc_hd__and4_2 contains no devices.
Circuit sky130_fd_sc_hd__a221oi_1 contains no devices.
Circuit sky130_fd_sc_hd__and2b_4 contains no devices.
Circuit sky130_fd_sc_hd__o32ai_4 contains no devices.
Circuit sky130_fd_sc_hd__a311o_1 contains no devices.
Circuit sky130_fd_sc_hd__nand4b_1 contains no devices.
Circuit sky130_fd_sc_hd__or4_2 contains no devices.
Circuit sky130_fd_sc_hd__o21ba_1 contains no devices.
Circuit sky130_fd_sc_hd__nor2_4 contains no devices.
Circuit sky130_fd_sc_hd__nand4b_2 contains no devices.
Circuit sky130_fd_sc_hd__a221oi_2 contains no devices.
Circuit sky130_fd_sc_hd__or4b_1 contains no devices.
Circuit sky130_fd_sc_hd__nor4_2 contains no devices.
Circuit sky130_fd_sc_hd__a211o_2 contains no devices.
Circuit sky130_fd_sc_hd__or4bb_4 contains no devices.
Circuit sky130_fd_sc_hd__a32o_1 contains no devices.
Circuit sky130_fd_sc_hd__mux2_1 contains no devices.
Circuit sky130_fd_sc_hd__and4b_2 contains no devices.
Circuit sky130_fd_sc_hd__o2111a_4 contains no devices.
Circuit sky130_fd_sc_hd__nand2b_1 contains no devices.
Circuit sky130_fd_sc_hd__o311a_2 contains no devices.
Circuit sky130_fd_sc_hd__a311o_2 contains no devices.
Circuit sky130_fd_sc_hd__a22o_4 contains no devices.
Circuit sky130_fd_sc_hd__nand2_4 contains no devices.
Circuit sky130_fd_sc_hd__a31oi_2 contains no devices.
Circuit sky130_fd_sc_hd__o31ai_1 contains no devices.
Circuit sky130_fd_sc_hd__a2111o_1 contains no devices.
Circuit sky130_fd_sc_hd__o221a_4 contains no devices.
Circuit sky130_fd_sc_hd__a2bb2oi_1 contains no devices.
Circuit sky130_fd_sc_hd__nor2_8 contains no devices.
Circuit sky130_fd_sc_hd__o32a_2 contains no devices.
Circuit sky130_fd_sc_hd__and3b_2 contains no devices.
Circuit sky130_fd_sc_hd__or4b_2 contains no devices.
Circuit sky130_fd_sc_hd__nor3b_1 contains no devices.
Circuit sky130_fd_sc_hd__a2111oi_2 contains no devices.
Circuit sky130_fd_sc_hd__o32ai_2 contains no devices.
Circuit sky130_fd_sc_hd__o41ai_4 contains no devices.
Circuit sky130_fd_sc_hd__or4bb_1 contains no devices.
Circuit sky130_fd_sc_hd__o221a_2 contains no devices.
Circuit sky130_fd_sc_hd__or2_4 contains no devices.
Circuit sky130_fd_sc_hd__a41o_2 contains no devices.
Circuit sky130_fd_sc_hd__nor3b_2 contains no devices.
Circuit sky130_fd_sc_hd__or3b_4 contains no devices.
Circuit sky130_fd_sc_hd__a221oi_4 contains no devices.
Circuit sky130_fd_sc_hd__o21a_4 contains no devices.
Circuit sky130_fd_sc_hd__o22a_4 contains no devices.
Circuit sky130_fd_sc_hd__nor2b_4 contains no devices.
Circuit sky130_fd_sc_hd__a41o_4 contains no devices.
Circuit sky130_fd_sc_hd__o311a_4 contains no devices.
Circuit sky130_fd_sc_hd__o31a_4 contains no devices.
Circuit sky130_fd_sc_hd__a21o_4 contains no devices.
Circuit sky130_fd_sc_hd__mux2_2 contains no devices.
Circuit sky130_fd_sc_hd__o41ai_2 contains no devices.
Circuit sky130_fd_sc_hd__a2111oi_4 contains no devices.
Circuit sky130_fd_sc_hd__o31ai_2 contains no devices.
Circuit sky130_fd_sc_hd__nor3b_4 contains no devices.
Circuit sky130_fd_sc_hd__nand4bb_1 contains no devices.
Circuit sky130_fd_sc_hd__o22a_2 contains no devices.
Circuit sky130_fd_sc_hd__a41oi_4 contains no devices.
Circuit sky130_fd_sc_hd__and4bb_2 contains no devices.
Circuit sky130_fd_sc_hd__a21bo_4 contains no devices.
Circuit sky130_fd_sc_hd__a41oi_2 contains no devices.
Circuit sky130_fd_sc_hd__o41a_1 contains no devices.
Circuit sky130_fd_sc_hd__o2bb2a_4 contains no devices.
Circuit sky130_fd_sc_hd__o221ai_1 contains no devices.
Circuit sky130_fd_sc_hd__a311oi_1 contains no devices.
Circuit sky130_fd_sc_hd__a221o_2 contains no devices.
Circuit sky130_fd_sc_hd__clkbuf_1 contains no devices.
Circuit sky130_fd_sc_hd__and4b_4 contains no devices.
Circuit sky130_fd_sc_hd__o32a_4 contains no devices.
Circuit sky130_fd_sc_hd__clkinvlp_2 contains no devices.
Circuit sky130_fd_sc_hd__or4b_4 contains no devices.
Circuit sky130_fd_sc_hd__and4bb_4 contains no devices.
Circuit sky130_fd_sc_hd__nor4b_1 contains no devices.
Circuit sky130_fd_sc_hd__a211o_4 contains no devices.
Circuit sky130_fd_sc_hd__a32oi_1 contains no devices.
Circuit sky130_fd_sc_hd__and4_4 contains no devices.
Circuit sky130_fd_sc_hd__o32ai_1 contains no devices.
Circuit sky130_fd_sc_hd__a2111o_2 contains no devices.
Circuit sky130_fd_sc_hd__o31ai_4 contains no devices.
Circuit sky130_fd_sc_hd__a32o_4 contains no devices.
Circuit sky130_fd_sc_hd__a2111o_4 contains no devices.
Circuit sky130_fd_sc_hd__a2bb2o_4 contains no devices.
Circuit sky130_fd_sc_hd__o311ai_4 contains no devices.
Circuit sky130_fd_sc_hd__nand2_8 contains no devices.
Circuit sky130_fd_sc_hd__o21ba_4 contains no devices.
Circuit sky130_fd_sc_hd__a221o_4 contains no devices.
Circuit sky130_fd_sc_hd__clkinv_4 contains no devices.
Circuit sky130_fd_sc_hd__o41a_2 contains no devices.
Circuit sky130_fd_sc_hd__nor4_4 contains no devices.
Circuit sky130_fd_sc_hd__o41ai_1 contains no devices.
Circuit sky130_fd_sc_hd__dfxtp_1 contains no devices.
Circuit sky130_fd_sc_hd__dfxtp_2 contains no devices.
Circuit sky130_fd_sc_hd__dfxtp_4 contains no devices.
Circuit sky130_fd_sc_hd__clkbuf_16 contains no devices.
Circuit sky130_fd_sc_hd__clkbuf_8 contains no devices.
Circuit sky130_fd_sc_hd__dlygate4sd3_1 contains no devices.
Circuit sky130_fd_sc_hd__dlymetal6s4s_1 contains no devices.
Circuit sky130_fd_sc_hd__dlygate4sd1_1 contains no devices.
Circuit sky130_fd_sc_hd__clkdlybuf4s18_2 contains no devices.
Circuit sky130_fd_sc_hd__buf_8 contains no devices.

Contents of circuit 1:  Circuit: 'FIR_Lowpass_Filter'
Circuit FIR_Lowpass_Filter contains 99170 device instances.
  Class: sky130_fd_sc_hd__nand2b_2 instances:  16
  Class: sky130_fd_sc_hd__nand2b_4 instances:   5
  Class: sky130_fd_sc_hd__dfxtp_1 instances: 486
  Class: sky130_fd_sc_hd__inv_2 instances: 828
  Class: sky130_fd_sc_hd__dfxtp_2 instances: 185
  Class: sky130_fd_sc_hd__dfxtp_4 instances:  26
  Class: sky130_fd_sc_hd__a21bo_1 instances: 180
  Class: sky130_fd_sc_hd__a21bo_2 instances:  24
  Class: sky130_fd_sc_hd__a21bo_4 instances:   4
  Class: sky130_fd_sc_hd__clkinvlp_2 instances:   2
  Class: sky130_fd_sc_hd__a311o_1 instances:  36
  Class: sky130_fd_sc_hd__a311o_2 instances:   6
  Class: sky130_fd_sc_hd__a21boi_1 instances: 137
  Class: sky130_fd_sc_hd__a21boi_2 instances:  96
  Class: sky130_fd_sc_hd__a2111o_1 instances:  14
  Class: sky130_fd_sc_hd__a21boi_4 instances:  34
  Class: sky130_fd_sc_hd__a2111o_2 instances:   5
  Class: sky130_fd_sc_hd__a2111o_4 instances:   1
  Class: sky130_fd_sc_hd__nor3b_1 instances:  30
  Class: sky130_fd_sc_hd__nor3b_2 instances:  18
  Class: sky130_fd_sc_hd__nand4bb_1 instances:   2
  Class: sky130_fd_sc_hd__nor3b_4 instances:   7
  Class: sky130_fd_sc_hd__clkbuf_1 instances: 101
  Class: sky130_fd_sc_hd__clkbuf_2 instances: 1330
  Class: sky130_fd_sc_hd__clkbuf_4 instances: 152
  Class: sky130_fd_sc_hd__clkbuf_8 instances:   4
  Class: sky130_fd_sc_hd__a41o_1 instances:  22
  Class: sky130_fd_sc_hd__a41o_2 instances:   2
  Class: sky130_fd_sc_hd__a41o_4 instances:   2
  Class: sky130_fd_sc_hd__and4_1 instances:  94
  Class: sky130_fd_sc_hd__and4_2 instances:  27
  Class: sky130_fd_sc_hd__dlygate4sd1_1 instances:  22
  Class: sky130_fd_sc_hd__and4_4 instances:   2
  Class: sky130_fd_sc_hd__a31o_1 instances: 197
  Class: sky130_fd_sc_hd__a31o_2 instances:  22
  Class: sky130_fd_sc_hd__o32a_1 instances:  39
  Class: sky130_fd_sc_hd__a31o_4 instances:   4
  Class: sky130_fd_sc_hd__o32a_2 instances:  11
  Class: sky130_fd_sc_hd__o32a_4 instances:   2
  Class: sky130_fd_sc_hd__a21o_1 instances: 1021
  Class: sky130_fd_sc_hd__a21o_2 instances:  63
  Class: sky130_fd_sc_hd__a21o_4 instances:  12
  Class: sky130_fd_sc_hd__o22a_1 instances: 132
  Class: sky130_fd_sc_hd__o22a_2 instances:  14
  Class: sky130_fd_sc_hd__o22a_4 instances:   3
  Class: sky130_fd_sc_hd__nor4_1 instances:  81
  Class: sky130_fd_sc_hd__nor4_2 instances:  12
  Class: sky130_fd_sc_hd__nor4_4 instances:   1
  Class: sky130_fd_sc_hd__tapvpwrvgnd_1 instances: 11385
  Class: sky130_fd_sc_hd__clkinv_4 instances:   1
  Class: sky130_fd_sc_hd__or4_1 instances:  50
  Class: sky130_fd_sc_hd__or4_2 instances:  47
  Class: sky130_fd_sc_hd__a2bb2oi_1 instances:  23
  Class: sky130_fd_sc_hd__a2bb2oi_2 instances:  21
  Class: sky130_fd_sc_hd__or4_4 instances:  13
  Class: sky130_fd_sc_hd__a2bb2oi_4 instances:  20
  Class: sky130_fd_sc_hd__nor2b_1 instances:  14
  Class: sky130_fd_sc_hd__nor2b_2 instances:  18
  Class: sky130_fd_sc_hd__nor2b_4 instances:   5
  Class: sky130_fd_sc_hd__and4b_1 instances:  49
  Class: sky130_fd_sc_hd__and4b_2 instances:  17
  Class: sky130_fd_sc_hd__and4b_4 instances:   1
  Class: sky130_fd_sc_hd__and3_1 instances: 844
  Class: sky130_fd_sc_hd__o41a_1 instances:  10
  Class: sky130_fd_sc_hd__and3_2 instances:  98
  Class: sky130_fd_sc_hd__o41a_2 instances:   2
  Class: sky130_fd_sc_hd__and3_4 instances:  20
  Class: sky130_fd_sc_hd__and4bb_1 instances:  46
  Class: sky130_fd_sc_hd__and4bb_2 instances:  14
  Class: sky130_fd_sc_hd__and4bb_4 instances:   4
  Class: sky130_fd_sc_hd__o31a_1 instances:  77
  Class: sky130_fd_sc_hd__dlymetal6s2s_1 instances: 483
  Class: sky130_fd_sc_hd__o31a_2 instances:  12
  Class: sky130_fd_sc_hd__o31a_4 instances:   2
  Class: sky130_fd_sc_hd__o21a_1 instances: 635
  Class: sky130_fd_sc_hd__o21a_2 instances:  54
  Class: sky130_fd_sc_hd__o21a_4 instances:  11
  Class: sky130_fd_sc_hd__nor3_1 instances: 215
  Class: sky130_fd_sc_hd__nor3_2 instances:  83
  Class: sky130_fd_sc_hd__nor3_4 instances:  20
  Class: sky130_fd_sc_hd__o221ai_1 instances:   6
  Class: sky130_fd_sc_hd__o221ai_2 instances:  29
  Class: sky130_fd_sc_hd__o221ai_4 instances:  89
  Class: sky130_fd_sc_hd__o2bb2a_1 instances: 145
  Class: sky130_fd_sc_hd__o2bb2a_2 instances:  19
  Class: sky130_fd_sc_hd__o2bb2a_4 instances:   2
  Class: sky130_fd_sc_hd__clkdlybuf4s18_2 instances:   1
  Class: sky130_fd_sc_hd__nand4_1 instances:  69
  Class: sky130_fd_sc_hd__nand4_2 instances: 109
  Class: sky130_fd_sc_hd__nand4_4 instances:  68
  Class: sky130_fd_sc_hd__or3_1 instances: 253
  Class: sky130_fd_sc_hd__or3_2 instances:  96
  Class: sky130_fd_sc_hd__mux2_1 instances:  20
  Class: sky130_fd_sc_hd__mux2_2 instances:   3
  Class: sky130_fd_sc_hd__or3_4 instances:  24
  Class: sky130_fd_sc_hd__and3b_1 instances: 109
  Class: sky130_fd_sc_hd__and3b_2 instances:  12
  Class: sky130_fd_sc_hd__fill_1 instances: 10998
  Class: sky130_fd_sc_hd__fill_2 instances: 4052
  Class: sky130_fd_sc_hd__o2111ai_1 instances:  13
  Class: sky130_fd_sc_hd__o2111ai_2 instances:  30
  Class: sky130_fd_sc_hd__o2111ai_4 instances:  80
  Class: sky130_fd_sc_hd__and2_1 instances: 608
  Class: sky130_fd_sc_hd__and2_2 instances: 102
  Class: sky130_fd_sc_hd__and2_4 instances:  10
  Class: sky130_fd_sc_hd__nor2_1 instances: 1380
  Class: sky130_fd_sc_hd__nor2_2 instances: 289
  Class: sky130_fd_sc_hd__nor2_4 instances:  38
  Class: sky130_fd_sc_hd__nor2_8 instances:   3
  Class: sky130_fd_sc_hd__a41oi_2 instances:   4
  Class: sky130_fd_sc_hd__a41oi_4 instances:   4
  Class: sky130_fd_sc_hd__o211ai_1 instances: 162
  Class: sky130_fd_sc_hd__o211ai_2 instances: 322
  Class: sky130_fd_sc_hd__o211ai_4 instances: 337
  Class: sky130_fd_sc_hd__or4b_1 instances:  23
  Class: sky130_fd_sc_hd__or4b_2 instances:  12
  Class: sky130_fd_sc_hd__a221oi_1 instances:  15
  Class: sky130_fd_sc_hd__a221oi_2 instances:  31
  Class: sky130_fd_sc_hd__or4b_4 instances:   7
  Class: sky130_fd_sc_hd__a221oi_4 instances:  25
  Class: sky130_fd_sc_hd__o22ai_1 instances:  53
  Class: sky130_fd_sc_hd__o22ai_2 instances:  85
  Class: sky130_fd_sc_hd__o22ai_4 instances: 133
  Class: sky130_fd_sc_hd__a22oi_1 instances:  33
  Class: sky130_fd_sc_hd__a22oi_2 instances:  72
  Class: sky130_fd_sc_hd__a22oi_4 instances:  59
  Class: sky130_fd_sc_hd__o21ai_1 instances: 683
  Class: sky130_fd_sc_hd__o21ai_2 instances: 491
  Class: sky130_fd_sc_hd__o21ai_4 instances: 195
  Class: sky130_fd_sc_hd__nand3_1 instances: 531
  Class: sky130_fd_sc_hd__nand3_2 instances: 471
  Class: sky130_fd_sc_hd__nand3_4 instances: 219
  Class: sky130_fd_sc_hd__nand4b_1 instances:   6
  Class: sky130_fd_sc_hd__nand4b_2 instances:   7
  Class: sky130_fd_sc_hd__nand4b_4 instances:   6
  Class: sky130_fd_sc_hd__a21oi_1 instances: 891
  Class: sky130_fd_sc_hd__a21oi_2 instances: 544
  Class: sky130_fd_sc_hd__a21oi_4 instances: 227
  Class: sky130_fd_sc_hd__or2_1 instances: 528
  Class: sky130_fd_sc_hd__or2_2 instances: 107
  Class: sky130_fd_sc_hd__or2_4 instances:  11
  Class: sky130_fd_sc_hd__xor2_1 instances: 215
  Class: sky130_fd_sc_hd__xor2_2 instances: 161
  Class: sky130_fd_sc_hd__xor2_4 instances: 101
  Class: sky130_fd_sc_hd__diode_2 instances:  42
  Class: sky130_fd_sc_hd__and2b_1 instances: 288
  Class: sky130_fd_sc_hd__and2b_2 instances:  29
  Class: sky130_fd_sc_hd__and2b_4 instances:   1
  Class: sky130_fd_sc_hd__dlygate4sd3_1 instances: 526
  Class: sky130_fd_sc_hd__o311ai_4 instances:   1
  Class: sky130_fd_sc_hd__o32ai_1 instances:   1
  Class: sky130_fd_sc_hd__o32ai_2 instances:   3
  Class: sky130_ef_sc_hd__decap_12 instances: 25018
  Class: sky130_fd_sc_hd__o32ai_4 instances:   5
  Class: sky130_fd_sc_hd__a32oi_1 instances:   3
  Class: sky130_fd_sc_hd__a32oi_2 instances:  16
  Class: sky130_fd_sc_hd__o31ai_1 instances:   7
  Class: sky130_fd_sc_hd__a32oi_4 instances:  34
  Class: sky130_fd_sc_hd__o31ai_2 instances:  11
  Class: sky130_fd_sc_hd__o31ai_4 instances:   4
  Class: sky130_fd_sc_hd__or3b_1 instances: 133
  Class: sky130_fd_sc_hd__or3b_2 instances:  89
  Class: sky130_fd_sc_hd__or3b_4 instances:  29
  Class: sky130_fd_sc_hd__a31oi_1 instances:  23
  Class: sky130_fd_sc_hd__a31oi_2 instances:  37
  Class: sky130_fd_sc_hd__a31oi_4 instances:  34
  Class: sky130_fd_sc_hd__o2bb2ai_1 instances:  89
  Class: sky130_fd_sc_hd__o2bb2ai_2 instances:  99
  Class: sky130_fd_sc_hd__o2bb2ai_4 instances:  61
  Class: sky130_fd_sc_hd__a211oi_1 instances: 123
  Class: sky130_fd_sc_hd__a211oi_2 instances: 126
  Class: sky130_fd_sc_hd__a211oi_4 instances:  67
  Class: sky130_fd_sc_hd__nand2_1 instances: 1442
  Class: sky130_fd_sc_hd__nand2_2 instances: 410
  Class: sky130_fd_sc_hd__o2111a_1 instances:  24
  Class: sky130_fd_sc_hd__nand2_4 instances:  56
  Class: sky130_fd_sc_hd__o2111a_2 instances:   6
  Class: sky130_fd_sc_hd__o2111a_4 instances:   2
  Class: sky130_fd_sc_hd__nand2_8 instances:   2
  Class: sky130_fd_sc_hd__nand3b_1 instances: 147
  Class: sky130_fd_sc_hd__nand3b_2 instances: 155
  Class: sky130_fd_sc_hd__nand3b_4 instances:  70
  Class: sky130_fd_sc_hd__o221a_1 instances:  93
  Class: sky130_fd_sc_hd__o221a_2 instances:  16
  Class: sky130_fd_sc_hd__o221a_4 instances:   3
  Class: sky130_fd_sc_hd__o21bai_1 instances: 152
  Class: sky130_fd_sc_hd__o21bai_2 instances: 153
  Class: sky130_fd_sc_hd__o21bai_4 instances: 107
  Class: sky130_fd_sc_hd__or4bb_1 instances:  20
  Class: sky130_fd_sc_hd__or4bb_2 instances:  20
  Class: sky130_fd_sc_hd__or4bb_4 instances:  15
  Class: sky130_fd_sc_hd__o211a_1 instances: 441
  Class: sky130_fd_sc_hd__o211a_2 instances:  69
  Class: sky130_fd_sc_hd__o211a_4 instances:  37
  Class: sky130_fd_sc_hd__a221o_1 instances:  65
  Class: sky130_fd_sc_hd__a221o_2 instances:   6
  Class: sky130_fd_sc_hd__a221o_4 instances:   1
  Class: sky130_fd_sc_hd__nor4b_1 instances:   5
  Class: sky130_fd_sc_hd__clkbuf_16 instances: 177
  Class: sky130_fd_sc_hd__a211o_1 instances: 234
  Class: sky130_fd_sc_hd__a211o_2 instances:  30
  Class: sky130_fd_sc_hd__a211o_4 instances:   7
  Class: sky130_fd_sc_hd__buf_1 instances: 413
  Class: sky130_fd_sc_hd__buf_2 instances: 509
  Class: sky130_fd_sc_hd__buf_4 instances:  99
  Class: sky130_fd_sc_hd__buf_6 instances:  93
  Class: sky130_fd_sc_hd__buf_8 instances:   2
  Class: sky130_fd_sc_hd__a32o_1 instances:  98
  Class: sky130_fd_sc_hd__a32o_2 instances:  23
  Class: sky130_fd_sc_hd__dlymetal6s4s_1 instances:   4
  Class: sky130_fd_sc_hd__a32o_4 instances:   1
  Class: sky130_fd_sc_hd__a22o_1 instances: 193
  Class: sky130_fd_sc_hd__a22o_2 instances:  18
  Class: sky130_fd_sc_hd__a22o_4 instances:   3
  Class: sky130_fd_sc_hd__o41ai_1 instances:   1
  Class: sky130_fd_sc_hd__o41ai_2 instances:   2
  Class: sky130_fd_sc_hd__o41ai_4 instances:   1
  Class: sky130_fd_sc_hd__a311oi_1 instances:   6
  Class: sky130_fd_sc_hd__a311oi_2 instances:  16
  Class: sky130_fd_sc_hd__a311oi_4 instances:  17
  Class: sky130_fd_sc_hd__a2111oi_1 instances:  35
  Class: sky130_fd_sc_hd__a2111oi_2 instances:   3
  Class: sky130_fd_sc_hd__or2b_1 instances: 222
  Class: sky130_fd_sc_hd__or2b_2 instances:  52
  Class: sky130_fd_sc_hd__a2111oi_4 instances:   4
  Class: sky130_fd_sc_hd__or2b_4 instances:   6
  Class: sky130_fd_sc_hd__xnor2_1 instances: 287
  Class: sky130_fd_sc_hd__xnor2_2 instances: 221
  Class: sky130_fd_sc_hd__decap_3 instances: 4534
  Class: sky130_fd_sc_hd__xnor2_4 instances: 102
  Class: sky130_fd_sc_hd__decap_4 instances: 4065
  Class: sky130_fd_sc_hd__o21ba_1 instances: 127
  Class: sky130_fd_sc_hd__o21ba_2 instances:  17
  Class: sky130_fd_sc_hd__decap_6 instances: 6198
  Class: sky130_fd_sc_hd__o21ba_4 instances:   4
  Class: sky130_fd_sc_hd__decap_8 instances: 5404
  Class: sky130_fd_sc_hd__o311a_1 instances:  54
  Class: sky130_fd_sc_hd__o311a_2 instances:   7
  Class: sky130_fd_sc_hd__a2bb2o_1 instances: 174
  Class: sky130_fd_sc_hd__a2bb2o_2 instances:  28
  Class: sky130_fd_sc_hd__o311a_4 instances:   3
  Class: sky130_fd_sc_hd__a2bb2o_4 instances:   3
  Class: sky130_fd_sc_hd__nand2b_1 instances:  21
Circuit contains 27493 nets.
Contents of circuit 2:  Circuit: 'FIR_Lowpass_Filter'
Circuit FIR_Lowpass_Filter contains 99170 device instances.
  Class: sky130_fd_sc_hd__nand2b_2 instances:  16
  Class: sky130_fd_sc_hd__nand2b_4 instances:   5
  Class: sky130_fd_sc_hd__dfxtp_1 instances: 486
  Class: sky130_fd_sc_hd__inv_2 instances: 828
  Class: sky130_fd_sc_hd__dfxtp_2 instances: 185
  Class: sky130_fd_sc_hd__dfxtp_4 instances:  26
  Class: sky130_fd_sc_hd__a21bo_1 instances: 180
  Class: sky130_fd_sc_hd__a21bo_2 instances:  24
  Class: sky130_fd_sc_hd__a21bo_4 instances:   4
  Class: sky130_fd_sc_hd__clkinvlp_2 instances:   2
  Class: sky130_fd_sc_hd__a311o_1 instances:  36
  Class: sky130_fd_sc_hd__a311o_2 instances:   6
  Class: sky130_fd_sc_hd__a21boi_1 instances: 137
  Class: sky130_fd_sc_hd__a21boi_2 instances:  96
  Class: sky130_fd_sc_hd__a2111o_1 instances:  14
  Class: sky130_fd_sc_hd__a21boi_4 instances:  34
  Class: sky130_fd_sc_hd__a2111o_2 instances:   5
  Class: sky130_fd_sc_hd__a2111o_4 instances:   1
  Class: sky130_fd_sc_hd__nor3b_1 instances:  30
  Class: sky130_fd_sc_hd__nor3b_2 instances:  18
  Class: sky130_fd_sc_hd__nand4bb_1 instances:   2
  Class: sky130_fd_sc_hd__nor3b_4 instances:   7
  Class: sky130_fd_sc_hd__clkbuf_1 instances: 101
  Class: sky130_fd_sc_hd__clkbuf_2 instances: 1330
  Class: sky130_fd_sc_hd__clkbuf_4 instances: 152
  Class: sky130_fd_sc_hd__clkbuf_8 instances:   4
  Class: sky130_fd_sc_hd__a41o_1 instances:  22
  Class: sky130_fd_sc_hd__a41o_2 instances:   2
  Class: sky130_fd_sc_hd__a41o_4 instances:   2
  Class: sky130_fd_sc_hd__and4_1 instances:  94
  Class: sky130_fd_sc_hd__and4_2 instances:  27
  Class: sky130_fd_sc_hd__dlygate4sd1_1 instances:  22
  Class: sky130_fd_sc_hd__and4_4 instances:   2
  Class: sky130_fd_sc_hd__a31o_1 instances: 197
  Class: sky130_fd_sc_hd__a31o_2 instances:  22
  Class: sky130_fd_sc_hd__o32a_1 instances:  39
  Class: sky130_fd_sc_hd__a31o_4 instances:   4
  Class: sky130_fd_sc_hd__o32a_2 instances:  11
  Class: sky130_fd_sc_hd__o32a_4 instances:   2
  Class: sky130_fd_sc_hd__a21o_1 instances: 1021
  Class: sky130_fd_sc_hd__a21o_2 instances:  63
  Class: sky130_fd_sc_hd__a21o_4 instances:  12
  Class: sky130_fd_sc_hd__o22a_1 instances: 132
  Class: sky130_fd_sc_hd__o22a_2 instances:  14
  Class: sky130_fd_sc_hd__o22a_4 instances:   3
  Class: sky130_fd_sc_hd__nor4_1 instances:  81
  Class: sky130_fd_sc_hd__nor4_2 instances:  12
  Class: sky130_fd_sc_hd__nor4_4 instances:   1
  Class: sky130_fd_sc_hd__tapvpwrvgnd_1 instances: 11385
  Class: sky130_fd_sc_hd__clkinv_4 instances:   1
  Class: sky130_fd_sc_hd__or4_1 instances:  50
  Class: sky130_fd_sc_hd__or4_2 instances:  47
  Class: sky130_fd_sc_hd__a2bb2oi_1 instances:  23
  Class: sky130_fd_sc_hd__a2bb2oi_2 instances:  21
  Class: sky130_fd_sc_hd__or4_4 instances:  13
  Class: sky130_fd_sc_hd__a2bb2oi_4 instances:  20
  Class: sky130_fd_sc_hd__nor2b_1 instances:  14
  Class: sky130_fd_sc_hd__nor2b_2 instances:  18
  Class: sky130_fd_sc_hd__nor2b_4 instances:   5
  Class: sky130_fd_sc_hd__and4b_1 instances:  49
  Class: sky130_fd_sc_hd__and4b_2 instances:  17
  Class: sky130_fd_sc_hd__and4b_4 instances:   1
  Class: sky130_fd_sc_hd__and3_1 instances: 844
  Class: sky130_fd_sc_hd__o41a_1 instances:  10
  Class: sky130_fd_sc_hd__and3_2 instances:  98
  Class: sky130_fd_sc_hd__o41a_2 instances:   2
  Class: sky130_fd_sc_hd__and3_4 instances:  20
  Class: sky130_fd_sc_hd__and4bb_1 instances:  46
  Class: sky130_fd_sc_hd__and4bb_2 instances:  14
  Class: sky130_fd_sc_hd__and4bb_4 instances:   4
  Class: sky130_fd_sc_hd__o31a_1 instances:  77
  Class: sky130_fd_sc_hd__dlymetal6s2s_1 instances: 483
  Class: sky130_fd_sc_hd__o31a_2 instances:  12
  Class: sky130_fd_sc_hd__o31a_4 instances:   2
  Class: sky130_fd_sc_hd__o21a_1 instances: 635
  Class: sky130_fd_sc_hd__o21a_2 instances:  54
  Class: sky130_fd_sc_hd__o21a_4 instances:  11
  Class: sky130_fd_sc_hd__nor3_1 instances: 215
  Class: sky130_fd_sc_hd__nor3_2 instances:  83
  Class: sky130_fd_sc_hd__nor3_4 instances:  20
  Class: sky130_fd_sc_hd__o221ai_1 instances:   6
  Class: sky130_fd_sc_hd__o221ai_2 instances:  29
  Class: sky130_fd_sc_hd__o221ai_4 instances:  89
  Class: sky130_fd_sc_hd__o2bb2a_1 instances: 145
  Class: sky130_fd_sc_hd__o2bb2a_2 instances:  19
  Class: sky130_fd_sc_hd__o2bb2a_4 instances:   2
  Class: sky130_fd_sc_hd__clkdlybuf4s18_2 instances:   1
  Class: sky130_fd_sc_hd__nand4_1 instances:  69
  Class: sky130_fd_sc_hd__nand4_2 instances: 109
  Class: sky130_fd_sc_hd__nand4_4 instances:  68
  Class: sky130_fd_sc_hd__or3_1 instances: 253
  Class: sky130_fd_sc_hd__or3_2 instances:  96
  Class: sky130_fd_sc_hd__mux2_1 instances:  20
  Class: sky130_fd_sc_hd__mux2_2 instances:   3
  Class: sky130_fd_sc_hd__or3_4 instances:  24
  Class: sky130_fd_sc_hd__and3b_1 instances: 109
  Class: sky130_fd_sc_hd__and3b_2 instances:  12
  Class: sky130_fd_sc_hd__fill_1 instances: 10998
  Class: sky130_fd_sc_hd__fill_2 instances: 4052
  Class: sky130_fd_sc_hd__o2111ai_1 instances:  13
  Class: sky130_fd_sc_hd__o2111ai_2 instances:  30
  Class: sky130_fd_sc_hd__o2111ai_4 instances:  80
  Class: sky130_fd_sc_hd__and2_1 instances: 608
  Class: sky130_fd_sc_hd__and2_2 instances: 102
  Class: sky130_fd_sc_hd__and2_4 instances:  10
  Class: sky130_fd_sc_hd__nor2_1 instances: 1380
  Class: sky130_fd_sc_hd__nor2_2 instances: 289
  Class: sky130_fd_sc_hd__nor2_4 instances:  38
  Class: sky130_fd_sc_hd__nor2_8 instances:   3
  Class: sky130_fd_sc_hd__a41oi_2 instances:   4
  Class: sky130_fd_sc_hd__a41oi_4 instances:   4
  Class: sky130_fd_sc_hd__o211ai_1 instances: 162
  Class: sky130_fd_sc_hd__o211ai_2 instances: 322
  Class: sky130_fd_sc_hd__o211ai_4 instances: 337
  Class: sky130_fd_sc_hd__or4b_1 instances:  23
  Class: sky130_fd_sc_hd__or4b_2 instances:  12
  Class: sky130_fd_sc_hd__a221oi_1 instances:  15
  Class: sky130_fd_sc_hd__a221oi_2 instances:  31
  Class: sky130_fd_sc_hd__or4b_4 instances:   7
  Class: sky130_fd_sc_hd__a221oi_4 instances:  25
  Class: sky130_fd_sc_hd__o22ai_1 instances:  53
  Class: sky130_fd_sc_hd__o22ai_2 instances:  85
  Class: sky130_fd_sc_hd__o22ai_4 instances: 133
  Class: sky130_fd_sc_hd__a22oi_1 instances:  33
  Class: sky130_fd_sc_hd__a22oi_2 instances:  72
  Class: sky130_fd_sc_hd__a22oi_4 instances:  59
  Class: sky130_fd_sc_hd__o21ai_1 instances: 683
  Class: sky130_fd_sc_hd__o21ai_2 instances: 491
  Class: sky130_fd_sc_hd__o21ai_4 instances: 195
  Class: sky130_fd_sc_hd__nand3_1 instances: 531
  Class: sky130_fd_sc_hd__nand3_2 instances: 471
  Class: sky130_fd_sc_hd__nand3_4 instances: 219
  Class: sky130_fd_sc_hd__nand4b_1 instances:   6
  Class: sky130_fd_sc_hd__nand4b_2 instances:   7
  Class: sky130_fd_sc_hd__nand4b_4 instances:   6
  Class: sky130_fd_sc_hd__a21oi_1 instances: 891
  Class: sky130_fd_sc_hd__a21oi_2 instances: 544
  Class: sky130_fd_sc_hd__a21oi_4 instances: 227
  Class: sky130_fd_sc_hd__or2_1 instances: 528
  Class: sky130_fd_sc_hd__or2_2 instances: 107
  Class: sky130_fd_sc_hd__or2_4 instances:  11
  Class: sky130_fd_sc_hd__xor2_1 instances: 215
  Class: sky130_fd_sc_hd__xor2_2 instances: 161
  Class: sky130_fd_sc_hd__xor2_4 instances: 101
  Class: sky130_fd_sc_hd__diode_2 instances:  42
  Class: sky130_fd_sc_hd__and2b_1 instances: 288
  Class: sky130_fd_sc_hd__and2b_2 instances:  29
  Class: sky130_fd_sc_hd__and2b_4 instances:   1
  Class: sky130_fd_sc_hd__dlygate4sd3_1 instances: 526
  Class: sky130_fd_sc_hd__o311ai_4 instances:   1
  Class: sky130_fd_sc_hd__o32ai_1 instances:   1
  Class: sky130_fd_sc_hd__o32ai_2 instances:   3
  Class: sky130_ef_sc_hd__decap_12 instances: 25018
  Class: sky130_fd_sc_hd__o32ai_4 instances:   5
  Class: sky130_fd_sc_hd__a32oi_1 instances:   3
  Class: sky130_fd_sc_hd__a32oi_2 instances:  16
  Class: sky130_fd_sc_hd__o31ai_1 instances:   7
  Class: sky130_fd_sc_hd__a32oi_4 instances:  34
  Class: sky130_fd_sc_hd__o31ai_2 instances:  11
  Class: sky130_fd_sc_hd__o31ai_4 instances:   4
  Class: sky130_fd_sc_hd__or3b_1 instances: 133
  Class: sky130_fd_sc_hd__or3b_2 instances:  89
  Class: sky130_fd_sc_hd__or3b_4 instances:  29
  Class: sky130_fd_sc_hd__a31oi_1 instances:  23
  Class: sky130_fd_sc_hd__a31oi_2 instances:  37
  Class: sky130_fd_sc_hd__a31oi_4 instances:  34
  Class: sky130_fd_sc_hd__o2bb2ai_1 instances:  89
  Class: sky130_fd_sc_hd__o2bb2ai_2 instances:  99
  Class: sky130_fd_sc_hd__o2bb2ai_4 instances:  61
  Class: sky130_fd_sc_hd__a211oi_1 instances: 123
  Class: sky130_fd_sc_hd__a211oi_2 instances: 126
  Class: sky130_fd_sc_hd__a211oi_4 instances:  67
  Class: sky130_fd_sc_hd__nand2_1 instances: 1442
  Class: sky130_fd_sc_hd__nand2_2 instances: 410
  Class: sky130_fd_sc_hd__o2111a_1 instances:  24
  Class: sky130_fd_sc_hd__nand2_4 instances:  56
  Class: sky130_fd_sc_hd__o2111a_2 instances:   6
  Class: sky130_fd_sc_hd__o2111a_4 instances:   2
  Class: sky130_fd_sc_hd__nand2_8 instances:   2
  Class: sky130_fd_sc_hd__nand3b_1 instances: 147
  Class: sky130_fd_sc_hd__nand3b_2 instances: 155
  Class: sky130_fd_sc_hd__nand3b_4 instances:  70
  Class: sky130_fd_sc_hd__o221a_1 instances:  93
  Class: sky130_fd_sc_hd__o221a_2 instances:  16
  Class: sky130_fd_sc_hd__o221a_4 instances:   3
  Class: sky130_fd_sc_hd__o21bai_1 instances: 152
  Class: sky130_fd_sc_hd__o21bai_2 instances: 153
  Class: sky130_fd_sc_hd__o21bai_4 instances: 107
  Class: sky130_fd_sc_hd__or4bb_1 instances:  20
  Class: sky130_fd_sc_hd__or4bb_2 instances:  20
  Class: sky130_fd_sc_hd__or4bb_4 instances:  15
  Class: sky130_fd_sc_hd__o211a_1 instances: 441
  Class: sky130_fd_sc_hd__o211a_2 instances:  69
  Class: sky130_fd_sc_hd__o211a_4 instances:  37
  Class: sky130_fd_sc_hd__a221o_1 instances:  65
  Class: sky130_fd_sc_hd__a221o_2 instances:   6
  Class: sky130_fd_sc_hd__a221o_4 instances:   1
  Class: sky130_fd_sc_hd__nor4b_1 instances:   5
  Class: sky130_fd_sc_hd__clkbuf_16 instances: 177
  Class: sky130_fd_sc_hd__a211o_1 instances: 234
  Class: sky130_fd_sc_hd__a211o_2 instances:  30
  Class: sky130_fd_sc_hd__a211o_4 instances:   7
  Class: sky130_fd_sc_hd__buf_1 instances: 413
  Class: sky130_fd_sc_hd__buf_2 instances: 509
  Class: sky130_fd_sc_hd__buf_4 instances:  99
  Class: sky130_fd_sc_hd__buf_6 instances:  93
  Class: sky130_fd_sc_hd__buf_8 instances:   2
  Class: sky130_fd_sc_hd__a32o_1 instances:  98
  Class: sky130_fd_sc_hd__a32o_2 instances:  23
  Class: sky130_fd_sc_hd__dlymetal6s4s_1 instances:   4
  Class: sky130_fd_sc_hd__a32o_4 instances:   1
  Class: sky130_fd_sc_hd__a22o_1 instances: 193
  Class: sky130_fd_sc_hd__a22o_2 instances:  18
  Class: sky130_fd_sc_hd__a22o_4 instances:   3
  Class: sky130_fd_sc_hd__o41ai_1 instances:   1
  Class: sky130_fd_sc_hd__o41ai_2 instances:   2
  Class: sky130_fd_sc_hd__o41ai_4 instances:   1
  Class: sky130_fd_sc_hd__a311oi_1 instances:   6
  Class: sky130_fd_sc_hd__a311oi_2 instances:  16
  Class: sky130_fd_sc_hd__a311oi_4 instances:  17
  Class: sky130_fd_sc_hd__a2111oi_1 instances:  35
  Class: sky130_fd_sc_hd__a2111oi_2 instances:   3
  Class: sky130_fd_sc_hd__or2b_1 instances: 222
  Class: sky130_fd_sc_hd__or2b_2 instances:  52
  Class: sky130_fd_sc_hd__a2111oi_4 instances:   4
  Class: sky130_fd_sc_hd__or2b_4 instances:   6
  Class: sky130_fd_sc_hd__xnor2_1 instances: 287
  Class: sky130_fd_sc_hd__xnor2_2 instances: 221
  Class: sky130_fd_sc_hd__decap_3 instances: 4534
  Class: sky130_fd_sc_hd__xnor2_4 instances: 102
  Class: sky130_fd_sc_hd__decap_4 instances: 4065
  Class: sky130_fd_sc_hd__o21ba_1 instances: 127
  Class: sky130_fd_sc_hd__o21ba_2 instances:  17
  Class: sky130_fd_sc_hd__decap_6 instances: 6198
  Class: sky130_fd_sc_hd__o21ba_4 instances:   4
  Class: sky130_fd_sc_hd__decap_8 instances: 5404
  Class: sky130_fd_sc_hd__o311a_1 instances:  54
  Class: sky130_fd_sc_hd__o311a_2 instances:   7
  Class: sky130_fd_sc_hd__a2bb2o_1 instances: 174
  Class: sky130_fd_sc_hd__a2bb2o_2 instances:  28
  Class: sky130_fd_sc_hd__o311a_4 instances:   3
  Class: sky130_fd_sc_hd__a2bb2o_4 instances:   3
  Class: sky130_fd_sc_hd__nand2b_1 instances:  21
Circuit contains 27493 nets.

Circuit was modified by parallel/series device merging.
New circuit summary:

Contents of circuit 1:  Circuit: 'FIR_Lowpass_Filter'
Circuit FIR_Lowpass_Filter contains 27508 device instances.
  Class: sky130_fd_sc_hd__nand2b_2 instances:  16
  Class: sky130_fd_sc_hd__nand2b_4 instances:   5
  Class: sky130_fd_sc_hd__dfxtp_1 instances: 486
  Class: sky130_fd_sc_hd__inv_2 instances: 828
  Class: sky130_fd_sc_hd__dfxtp_2 instances: 185
  Class: sky130_fd_sc_hd__dfxtp_4 instances:  26
  Class: sky130_fd_sc_hd__a21bo_1 instances: 180
  Class: sky130_fd_sc_hd__a21bo_2 instances:  24
  Class: sky130_fd_sc_hd__a21bo_4 instances:   4
  Class: sky130_fd_sc_hd__clkinvlp_2 instances:   2
  Class: sky130_fd_sc_hd__a311o_1 instances:  36
  Class: sky130_fd_sc_hd__a311o_2 instances:   6
  Class: sky130_fd_sc_hd__a21boi_1 instances: 137
  Class: sky130_fd_sc_hd__a21boi_2 instances:  96
  Class: sky130_fd_sc_hd__a2111o_1 instances:  14
  Class: sky130_fd_sc_hd__a21boi_4 instances:  34
  Class: sky130_fd_sc_hd__a2111o_2 instances:   5
  Class: sky130_fd_sc_hd__a2111o_4 instances:   1
  Class: sky130_fd_sc_hd__nor3b_1 instances:  30
  Class: sky130_fd_sc_hd__nor3b_2 instances:  18
  Class: sky130_fd_sc_hd__nand4bb_1 instances:   2
  Class: sky130_fd_sc_hd__nor3b_4 instances:   7
  Class: sky130_fd_sc_hd__clkbuf_1 instances: 101
  Class: sky130_fd_sc_hd__clkbuf_2 instances: 1330
  Class: sky130_fd_sc_hd__clkbuf_4 instances: 152
  Class: sky130_fd_sc_hd__clkbuf_8 instances:   4
  Class: sky130_fd_sc_hd__a41o_1 instances:  22
  Class: sky130_fd_sc_hd__a41o_2 instances:   2
  Class: sky130_fd_sc_hd__a41o_4 instances:   2
  Class: sky130_fd_sc_hd__and4_1 instances:  94
  Class: sky130_fd_sc_hd__and4_2 instances:  27
  Class: sky130_fd_sc_hd__dlygate4sd1_1 instances:  22
  Class: sky130_fd_sc_hd__and4_4 instances:   2
  Class: sky130_fd_sc_hd__a31o_1 instances: 197
  Class: sky130_fd_sc_hd__a31o_2 instances:  22
  Class: sky130_fd_sc_hd__o32a_1 instances:  39
  Class: sky130_fd_sc_hd__a31o_4 instances:   4
  Class: sky130_fd_sc_hd__o32a_2 instances:  11
  Class: sky130_fd_sc_hd__o32a_4 instances:   2
  Class: sky130_fd_sc_hd__a21o_1 instances: 1021
  Class: sky130_fd_sc_hd__a21o_2 instances:  63
  Class: sky130_fd_sc_hd__a21o_4 instances:  12
  Class: sky130_fd_sc_hd__o22a_1 instances: 132
  Class: sky130_fd_sc_hd__o22a_2 instances:  14
  Class: sky130_fd_sc_hd__o22a_4 instances:   3
  Class: sky130_fd_sc_hd__nor4_1 instances:  81
  Class: sky130_fd_sc_hd__nor4_2 instances:  12
  Class: sky130_fd_sc_hd__nor4_4 instances:   1
  Class: sky130_fd_sc_hd__tapvpwrvgnd_1 instances:   1
  Class: sky130_fd_sc_hd__clkinv_4 instances:   1
  Class: sky130_fd_sc_hd__or4_1 instances:  50
  Class: sky130_fd_sc_hd__or4_2 instances:  47
  Class: sky130_fd_sc_hd__a2bb2oi_1 instances:  23
  Class: sky130_fd_sc_hd__a2bb2oi_2 instances:  21
  Class: sky130_fd_sc_hd__or4_4 instances:  13
  Class: sky130_fd_sc_hd__a2bb2oi_4 instances:  20
  Class: sky130_fd_sc_hd__nor2b_1 instances:  14
  Class: sky130_fd_sc_hd__nor2b_2 instances:  18
  Class: sky130_fd_sc_hd__nor2b_4 instances:   5
  Class: sky130_fd_sc_hd__and4b_1 instances:  49
  Class: sky130_fd_sc_hd__and4b_2 instances:  17
  Class: sky130_fd_sc_hd__and4b_4 instances:   1
  Class: sky130_fd_sc_hd__and3_1 instances: 844
  Class: sky130_fd_sc_hd__o41a_1 instances:  10
  Class: sky130_fd_sc_hd__and3_2 instances:  98
  Class: sky130_fd_sc_hd__o41a_2 instances:   2
  Class: sky130_fd_sc_hd__and3_4 instances:  20
  Class: sky130_fd_sc_hd__and4bb_1 instances:  46
  Class: sky130_fd_sc_hd__and4bb_2 instances:  14
  Class: sky130_fd_sc_hd__and4bb_4 instances:   4
  Class: sky130_fd_sc_hd__o31a_1 instances:  77
  Class: sky130_fd_sc_hd__dlymetal6s2s_1 instances: 483
  Class: sky130_fd_sc_hd__o31a_2 instances:  12
  Class: sky130_fd_sc_hd__o31a_4 instances:   2
  Class: sky130_fd_sc_hd__o21a_1 instances: 635
  Class: sky130_fd_sc_hd__o21a_2 instances:  54
  Class: sky130_fd_sc_hd__o21a_4 instances:  11
  Class: sky130_fd_sc_hd__nor3_1 instances: 215
  Class: sky130_fd_sc_hd__nor3_2 instances:  83
  Class: sky130_fd_sc_hd__nor3_4 instances:  20
  Class: sky130_fd_sc_hd__o221ai_1 instances:   6
  Class: sky130_fd_sc_hd__o221ai_2 instances:  29
  Class: sky130_fd_sc_hd__o221ai_4 instances:  89
  Class: sky130_fd_sc_hd__o2bb2a_1 instances: 145
  Class: sky130_fd_sc_hd__o2bb2a_2 instances:  19
  Class: sky130_fd_sc_hd__o2bb2a_4 instances:   2
  Class: sky130_fd_sc_hd__clkdlybuf4s18_2 instances:   1
  Class: sky130_fd_sc_hd__nand4_1 instances:  69
  Class: sky130_fd_sc_hd__nand4_2 instances: 109
  Class: sky130_fd_sc_hd__nand4_4 instances:  68
  Class: sky130_fd_sc_hd__or3_1 instances: 253
  Class: sky130_fd_sc_hd__or3_2 instances:  96
  Class: sky130_fd_sc_hd__mux2_1 instances:  20
  Class: sky130_fd_sc_hd__mux2_2 instances:   3
  Class: sky130_fd_sc_hd__or3_4 instances:  24
  Class: sky130_fd_sc_hd__and3b_1 instances: 109
  Class: sky130_fd_sc_hd__and3b_2 instances:  12
  Class: sky130_fd_sc_hd__fill_1 instances:   1
  Class: sky130_fd_sc_hd__fill_2 instances:   1
  Class: sky130_fd_sc_hd__o2111ai_1 instances:  13
  Class: sky130_fd_sc_hd__o2111ai_2 instances:  30
  Class: sky130_fd_sc_hd__o2111ai_4 instances:  80
  Class: sky130_fd_sc_hd__and2_1 instances: 608
  Class: sky130_fd_sc_hd__and2_2 instances: 102
  Class: sky130_fd_sc_hd__and2_4 instances:  10
  Class: sky130_fd_sc_hd__nor2_1 instances: 1380
  Class: sky130_fd_sc_hd__nor2_2 instances: 289
  Class: sky130_fd_sc_hd__nor2_4 instances:  38
  Class: sky130_fd_sc_hd__nor2_8 instances:   3
  Class: sky130_fd_sc_hd__a41oi_2 instances:   4
  Class: sky130_fd_sc_hd__a41oi_4 instances:   4
  Class: sky130_fd_sc_hd__o211ai_1 instances: 162
  Class: sky130_fd_sc_hd__o211ai_2 instances: 322
  Class: sky130_fd_sc_hd__o211ai_4 instances: 337
  Class: sky130_fd_sc_hd__or4b_1 instances:  23
  Class: sky130_fd_sc_hd__or4b_2 instances:  12
  Class: sky130_fd_sc_hd__a221oi_1 instances:  15
  Class: sky130_fd_sc_hd__a221oi_2 instances:  31
  Class: sky130_fd_sc_hd__or4b_4 instances:   7
  Class: sky130_fd_sc_hd__a221oi_4 instances:  25
  Class: sky130_fd_sc_hd__o22ai_1 instances:  53
  Class: sky130_fd_sc_hd__o22ai_2 instances:  85
  Class: sky130_fd_sc_hd__o22ai_4 instances: 133
  Class: sky130_fd_sc_hd__a22oi_1 instances:  33
  Class: sky130_fd_sc_hd__a22oi_2 instances:  72
  Class: sky130_fd_sc_hd__a22oi_4 instances:  59
  Class: sky130_fd_sc_hd__o21ai_1 instances: 683
  Class: sky130_fd_sc_hd__o21ai_2 instances: 491
  Class: sky130_fd_sc_hd__o21ai_4 instances: 195
  Class: sky130_fd_sc_hd__nand3_1 instances: 531
  Class: sky130_fd_sc_hd__nand3_2 instances: 471
  Class: sky130_fd_sc_hd__nand3_4 instances: 219
  Class: sky130_fd_sc_hd__nand4b_1 instances:   6
  Class: sky130_fd_sc_hd__nand4b_2 instances:   7
  Class: sky130_fd_sc_hd__nand4b_4 instances:   6
  Class: sky130_fd_sc_hd__a21oi_1 instances: 891
  Class: sky130_fd_sc_hd__a21oi_2 instances: 544
  Class: sky130_fd_sc_hd__a21oi_4 instances: 227
  Class: sky130_fd_sc_hd__or2_1 instances: 528
  Class: sky130_fd_sc_hd__or2_2 instances: 107
  Class: sky130_fd_sc_hd__or2_4 instances:  11
  Class: sky130_fd_sc_hd__xor2_1 instances: 215
  Class: sky130_fd_sc_hd__xor2_2 instances: 161
  Class: sky130_fd_sc_hd__xor2_4 instances: 101
  Class: sky130_fd_sc_hd__diode_2 instances:  26
  Class: sky130_fd_sc_hd__and2b_1 instances: 288
  Class: sky130_fd_sc_hd__and2b_2 instances:  29
  Class: sky130_fd_sc_hd__and2b_4 instances:   1
  Class: sky130_fd_sc_hd__dlygate4sd3_1 instances: 526
  Class: sky130_fd_sc_hd__o311ai_4 instances:   1
  Class: sky130_fd_sc_hd__o32ai_1 instances:   1
  Class: sky130_fd_sc_hd__o32ai_2 instances:   3
  Class: sky130_ef_sc_hd__decap_12 instances:   1
  Class: sky130_fd_sc_hd__o32ai_4 instances:   5
  Class: sky130_fd_sc_hd__a32oi_1 instances:   3
  Class: sky130_fd_sc_hd__a32oi_2 instances:  16
  Class: sky130_fd_sc_hd__o31ai_1 instances:   7
  Class: sky130_fd_sc_hd__a32oi_4 instances:  34
  Class: sky130_fd_sc_hd__o31ai_2 instances:  11
  Class: sky130_fd_sc_hd__o31ai_4 instances:   4
  Class: sky130_fd_sc_hd__or3b_1 instances: 133
  Class: sky130_fd_sc_hd__or3b_2 instances:  89
  Class: sky130_fd_sc_hd__or3b_4 instances:  29
  Class: sky130_fd_sc_hd__a31oi_1 instances:  23
  Class: sky130_fd_sc_hd__a31oi_2 instances:  37
  Class: sky130_fd_sc_hd__a31oi_4 instances:  34
  Class: sky130_fd_sc_hd__o2bb2ai_1 instances:  89
  Class: sky130_fd_sc_hd__o2bb2ai_2 instances:  99
  Class: sky130_fd_sc_hd__o2bb2ai_4 instances:  61
  Class: sky130_fd_sc_hd__a211oi_1 instances: 123
  Class: sky130_fd_sc_hd__a211oi_2 instances: 126
  Class: sky130_fd_sc_hd__a211oi_4 instances:  67
  Class: sky130_fd_sc_hd__nand2_1 instances: 1442
  Class: sky130_fd_sc_hd__nand2_2 instances: 410
  Class: sky130_fd_sc_hd__o2111a_1 instances:  24
  Class: sky130_fd_sc_hd__nand2_4 instances:  56
  Class: sky130_fd_sc_hd__o2111a_2 instances:   6
  Class: sky130_fd_sc_hd__o2111a_4 instances:   2
  Class: sky130_fd_sc_hd__nand2_8 instances:   2
  Class: sky130_fd_sc_hd__nand3b_1 instances: 147
  Class: sky130_fd_sc_hd__nand3b_2 instances: 155
  Class: sky130_fd_sc_hd__nand3b_4 instances:  70
  Class: sky130_fd_sc_hd__o221a_1 instances:  93
  Class: sky130_fd_sc_hd__o221a_2 instances:  16
  Class: sky130_fd_sc_hd__o221a_4 instances:   3
  Class: sky130_fd_sc_hd__o21bai_1 instances: 152
  Class: sky130_fd_sc_hd__o21bai_2 instances: 153
  Class: sky130_fd_sc_hd__o21bai_4 instances: 107
  Class: sky130_fd_sc_hd__or4bb_1 instances:  20
  Class: sky130_fd_sc_hd__or4bb_2 instances:  20
  Class: sky130_fd_sc_hd__or4bb_4 instances:  15
  Class: sky130_fd_sc_hd__o211a_1 instances: 441
  Class: sky130_fd_sc_hd__o211a_2 instances:  69
  Class: sky130_fd_sc_hd__o211a_4 instances:  37
  Class: sky130_fd_sc_hd__a221o_1 instances:  65
  Class: sky130_fd_sc_hd__a221o_2 instances:   6
  Class: sky130_fd_sc_hd__a221o_4 instances:   1
  Class: sky130_fd_sc_hd__nor4b_1 instances:   5
  Class: sky130_fd_sc_hd__clkbuf_16 instances: 177
  Class: sky130_fd_sc_hd__a211o_1 instances: 234
  Class: sky130_fd_sc_hd__a211o_2 instances:  30
  Class: sky130_fd_sc_hd__a211o_4 instances:   7
  Class: sky130_fd_sc_hd__buf_1 instances: 413
  Class: sky130_fd_sc_hd__buf_2 instances: 509
  Class: sky130_fd_sc_hd__buf_4 instances:  99
  Class: sky130_fd_sc_hd__buf_6 instances:  93
  Class: sky130_fd_sc_hd__buf_8 instances:   2
  Class: sky130_fd_sc_hd__a32o_1 instances:  98
  Class: sky130_fd_sc_hd__a32o_2 instances:  23
  Class: sky130_fd_sc_hd__dlymetal6s4s_1 instances:   4
  Class: sky130_fd_sc_hd__a32o_4 instances:   1
  Class: sky130_fd_sc_hd__a22o_1 instances: 193
  Class: sky130_fd_sc_hd__a22o_2 instances:  18
  Class: sky130_fd_sc_hd__a22o_4 instances:   3
  Class: sky130_fd_sc_hd__o41ai_1 instances:   1
  Class: sky130_fd_sc_hd__o41ai_2 instances:   2
  Class: sky130_fd_sc_hd__o41ai_4 instances:   1
  Class: sky130_fd_sc_hd__a311oi_1 instances:   6
  Class: sky130_fd_sc_hd__a311oi_2 instances:  16
  Class: sky130_fd_sc_hd__a311oi_4 instances:  17
  Class: sky130_fd_sc_hd__a2111oi_1 instances:  35
  Class: sky130_fd_sc_hd__a2111oi_2 instances:   3
  Class: sky130_fd_sc_hd__or2b_1 instances: 222
  Class: sky130_fd_sc_hd__or2b_2 instances:  52
  Class: sky130_fd_sc_hd__a2111oi_4 instances:   4
  Class: sky130_fd_sc_hd__or2b_4 instances:   6
  Class: sky130_fd_sc_hd__xnor2_1 instances: 287
  Class: sky130_fd_sc_hd__xnor2_2 instances: 221
  Class: sky130_fd_sc_hd__decap_3 instances:   1
  Class: sky130_fd_sc_hd__xnor2_4 instances: 102
  Class: sky130_fd_sc_hd__decap_4 instances:   1
  Class: sky130_fd_sc_hd__o21ba_1 instances: 127
  Class: sky130_fd_sc_hd__o21ba_2 instances:  17
  Class: sky130_fd_sc_hd__decap_6 instances:   1
  Class: sky130_fd_sc_hd__o21ba_4 instances:   4
  Class: sky130_fd_sc_hd__decap_8 instances:   1
  Class: sky130_fd_sc_hd__o311a_1 instances:  54
  Class: sky130_fd_sc_hd__o311a_2 instances:   7
  Class: sky130_fd_sc_hd__a2bb2o_1 instances: 174
  Class: sky130_fd_sc_hd__a2bb2o_2 instances:  28
  Class: sky130_fd_sc_hd__o311a_4 instances:   3
  Class: sky130_fd_sc_hd__a2bb2o_4 instances:   3
  Class: sky130_fd_sc_hd__nand2b_1 instances:  21
Circuit contains 27493 nets.
Contents of circuit 2:  Circuit: 'FIR_Lowpass_Filter'
Circuit FIR_Lowpass_Filter contains 27508 device instances.
  Class: sky130_fd_sc_hd__nand2b_2 instances:  16
  Class: sky130_fd_sc_hd__nand2b_4 instances:   5
  Class: sky130_fd_sc_hd__dfxtp_1 instances: 486
  Class: sky130_fd_sc_hd__inv_2 instances: 828
  Class: sky130_fd_sc_hd__dfxtp_2 instances: 185
  Class: sky130_fd_sc_hd__dfxtp_4 instances:  26
  Class: sky130_fd_sc_hd__a21bo_1 instances: 180
  Class: sky130_fd_sc_hd__a21bo_2 instances:  24
  Class: sky130_fd_sc_hd__a21bo_4 instances:   4
  Class: sky130_fd_sc_hd__clkinvlp_2 instances:   2
  Class: sky130_fd_sc_hd__a311o_1 instances:  36
  Class: sky130_fd_sc_hd__a311o_2 instances:   6
  Class: sky130_fd_sc_hd__a21boi_1 instances: 137
  Class: sky130_fd_sc_hd__a21boi_2 instances:  96
  Class: sky130_fd_sc_hd__a2111o_1 instances:  14
  Class: sky130_fd_sc_hd__a21boi_4 instances:  34
  Class: sky130_fd_sc_hd__a2111o_2 instances:   5
  Class: sky130_fd_sc_hd__a2111o_4 instances:   1
  Class: sky130_fd_sc_hd__nor3b_1 instances:  30
  Class: sky130_fd_sc_hd__nor3b_2 instances:  18
  Class: sky130_fd_sc_hd__nand4bb_1 instances:   2
  Class: sky130_fd_sc_hd__nor3b_4 instances:   7
  Class: sky130_fd_sc_hd__clkbuf_1 instances: 101
  Class: sky130_fd_sc_hd__clkbuf_2 instances: 1330
  Class: sky130_fd_sc_hd__clkbuf_4 instances: 152
  Class: sky130_fd_sc_hd__clkbuf_8 instances:   4
  Class: sky130_fd_sc_hd__a41o_1 instances:  22
  Class: sky130_fd_sc_hd__a41o_2 instances:   2
  Class: sky130_fd_sc_hd__a41o_4 instances:   2
  Class: sky130_fd_sc_hd__and4_1 instances:  94
  Class: sky130_fd_sc_hd__and4_2 instances:  27
  Class: sky130_fd_sc_hd__dlygate4sd1_1 instances:  22
  Class: sky130_fd_sc_hd__and4_4 instances:   2
  Class: sky130_fd_sc_hd__a31o_1 instances: 197
  Class: sky130_fd_sc_hd__a31o_2 instances:  22
  Class: sky130_fd_sc_hd__o32a_1 instances:  39
  Class: sky130_fd_sc_hd__a31o_4 instances:   4
  Class: sky130_fd_sc_hd__o32a_2 instances:  11
  Class: sky130_fd_sc_hd__o32a_4 instances:   2
  Class: sky130_fd_sc_hd__a21o_1 instances: 1021
  Class: sky130_fd_sc_hd__a21o_2 instances:  63
  Class: sky130_fd_sc_hd__a21o_4 instances:  12
  Class: sky130_fd_sc_hd__o22a_1 instances: 132
  Class: sky130_fd_sc_hd__o22a_2 instances:  14
  Class: sky130_fd_sc_hd__o22a_4 instances:   3
  Class: sky130_fd_sc_hd__nor4_1 instances:  81
  Class: sky130_fd_sc_hd__nor4_2 instances:  12
  Class: sky130_fd_sc_hd__nor4_4 instances:   1
  Class: sky130_fd_sc_hd__tapvpwrvgnd_1 instances:   1
  Class: sky130_fd_sc_hd__clkinv_4 instances:   1
  Class: sky130_fd_sc_hd__or4_1 instances:  50
  Class: sky130_fd_sc_hd__or4_2 instances:  47
  Class: sky130_fd_sc_hd__a2bb2oi_1 instances:  23
  Class: sky130_fd_sc_hd__a2bb2oi_2 instances:  21
  Class: sky130_fd_sc_hd__or4_4 instances:  13
  Class: sky130_fd_sc_hd__a2bb2oi_4 instances:  20
  Class: sky130_fd_sc_hd__nor2b_1 instances:  14
  Class: sky130_fd_sc_hd__nor2b_2 instances:  18
  Class: sky130_fd_sc_hd__nor2b_4 instances:   5
  Class: sky130_fd_sc_hd__and4b_1 instances:  49
  Class: sky130_fd_sc_hd__and4b_2 instances:  17
  Class: sky130_fd_sc_hd__and4b_4 instances:   1
  Class: sky130_fd_sc_hd__and3_1 instances: 844
  Class: sky130_fd_sc_hd__o41a_1 instances:  10
  Class: sky130_fd_sc_hd__and3_2 instances:  98
  Class: sky130_fd_sc_hd__o41a_2 instances:   2
  Class: sky130_fd_sc_hd__and3_4 instances:  20
  Class: sky130_fd_sc_hd__and4bb_1 instances:  46
  Class: sky130_fd_sc_hd__and4bb_2 instances:  14
  Class: sky130_fd_sc_hd__and4bb_4 instances:   4
  Class: sky130_fd_sc_hd__o31a_1 instances:  77
  Class: sky130_fd_sc_hd__dlymetal6s2s_1 instances: 483
  Class: sky130_fd_sc_hd__o31a_2 instances:  12
  Class: sky130_fd_sc_hd__o31a_4 instances:   2
  Class: sky130_fd_sc_hd__o21a_1 instances: 635
  Class: sky130_fd_sc_hd__o21a_2 instances:  54
  Class: sky130_fd_sc_hd__o21a_4 instances:  11
  Class: sky130_fd_sc_hd__nor3_1 instances: 215
  Class: sky130_fd_sc_hd__nor3_2 instances:  83
  Class: sky130_fd_sc_hd__nor3_4 instances:  20
  Class: sky130_fd_sc_hd__o221ai_1 instances:   6
  Class: sky130_fd_sc_hd__o221ai_2 instances:  29
  Class: sky130_fd_sc_hd__o221ai_4 instances:  89
  Class: sky130_fd_sc_hd__o2bb2a_1 instances: 145
  Class: sky130_fd_sc_hd__o2bb2a_2 instances:  19
  Class: sky130_fd_sc_hd__o2bb2a_4 instances:   2
  Class: sky130_fd_sc_hd__clkdlybuf4s18_2 instances:   1
  Class: sky130_fd_sc_hd__nand4_1 instances:  69
  Class: sky130_fd_sc_hd__nand4_2 instances: 109
  Class: sky130_fd_sc_hd__nand4_4 instances:  68
  Class: sky130_fd_sc_hd__or3_1 instances: 253
  Class: sky130_fd_sc_hd__or3_2 instances:  96
  Class: sky130_fd_sc_hd__mux2_1 instances:  20
  Class: sky130_fd_sc_hd__mux2_2 instances:   3
  Class: sky130_fd_sc_hd__or3_4 instances:  24
  Class: sky130_fd_sc_hd__and3b_1 instances: 109
  Class: sky130_fd_sc_hd__and3b_2 instances:  12
  Class: sky130_fd_sc_hd__fill_1 instances:   1
  Class: sky130_fd_sc_hd__fill_2 instances:   1
  Class: sky130_fd_sc_hd__o2111ai_1 instances:  13
  Class: sky130_fd_sc_hd__o2111ai_2 instances:  30
  Class: sky130_fd_sc_hd__o2111ai_4 instances:  80
  Class: sky130_fd_sc_hd__and2_1 instances: 608
  Class: sky130_fd_sc_hd__and2_2 instances: 102
  Class: sky130_fd_sc_hd__and2_4 instances:  10
  Class: sky130_fd_sc_hd__nor2_1 instances: 1380
  Class: sky130_fd_sc_hd__nor2_2 instances: 289
  Class: sky130_fd_sc_hd__nor2_4 instances:  38
  Class: sky130_fd_sc_hd__nor2_8 instances:   3
  Class: sky130_fd_sc_hd__a41oi_2 instances:   4
  Class: sky130_fd_sc_hd__a41oi_4 instances:   4
  Class: sky130_fd_sc_hd__o211ai_1 instances: 162
  Class: sky130_fd_sc_hd__o211ai_2 instances: 322
  Class: sky130_fd_sc_hd__o211ai_4 instances: 337
  Class: sky130_fd_sc_hd__or4b_1 instances:  23
  Class: sky130_fd_sc_hd__or4b_2 instances:  12
  Class: sky130_fd_sc_hd__a221oi_1 instances:  15
  Class: sky130_fd_sc_hd__a221oi_2 instances:  31
  Class: sky130_fd_sc_hd__or4b_4 instances:   7
  Class: sky130_fd_sc_hd__a221oi_4 instances:  25
  Class: sky130_fd_sc_hd__o22ai_1 instances:  53
  Class: sky130_fd_sc_hd__o22ai_2 instances:  85
  Class: sky130_fd_sc_hd__o22ai_4 instances: 133
  Class: sky130_fd_sc_hd__a22oi_1 instances:  33
  Class: sky130_fd_sc_hd__a22oi_2 instances:  72
  Class: sky130_fd_sc_hd__a22oi_4 instances:  59
  Class: sky130_fd_sc_hd__o21ai_1 instances: 683
  Class: sky130_fd_sc_hd__o21ai_2 instances: 491
  Class: sky130_fd_sc_hd__o21ai_4 instances: 195
  Class: sky130_fd_sc_hd__nand3_1 instances: 531
  Class: sky130_fd_sc_hd__nand3_2 instances: 471
  Class: sky130_fd_sc_hd__nand3_4 instances: 219
  Class: sky130_fd_sc_hd__nand4b_1 instances:   6
  Class: sky130_fd_sc_hd__nand4b_2 instances:   7
  Class: sky130_fd_sc_hd__nand4b_4 instances:   6
  Class: sky130_fd_sc_hd__a21oi_1 instances: 891
  Class: sky130_fd_sc_hd__a21oi_2 instances: 544
  Class: sky130_fd_sc_hd__a21oi_4 instances: 227
  Class: sky130_fd_sc_hd__or2_1 instances: 528
  Class: sky130_fd_sc_hd__or2_2 instances: 107
  Class: sky130_fd_sc_hd__or2_4 instances:  11
  Class: sky130_fd_sc_hd__xor2_1 instances: 215
  Class: sky130_fd_sc_hd__xor2_2 instances: 161
  Class: sky130_fd_sc_hd__xor2_4 instances: 101
  Class: sky130_fd_sc_hd__diode_2 instances:  26
  Class: sky130_fd_sc_hd__and2b_1 instances: 288
  Class: sky130_fd_sc_hd__and2b_2 instances:  29
  Class: sky130_fd_sc_hd__and2b_4 instances:   1
  Class: sky130_fd_sc_hd__dlygate4sd3_1 instances: 526
  Class: sky130_fd_sc_hd__o311ai_4 instances:   1
  Class: sky130_fd_sc_hd__o32ai_1 instances:   1
  Class: sky130_fd_sc_hd__o32ai_2 instances:   3
  Class: sky130_ef_sc_hd__decap_12 instances:   1
  Class: sky130_fd_sc_hd__o32ai_4 instances:   5
  Class: sky130_fd_sc_hd__a32oi_1 instances:   3
  Class: sky130_fd_sc_hd__a32oi_2 instances:  16
  Class: sky130_fd_sc_hd__o31ai_1 instances:   7
  Class: sky130_fd_sc_hd__a32oi_4 instances:  34
  Class: sky130_fd_sc_hd__o31ai_2 instances:  11
  Class: sky130_fd_sc_hd__o31ai_4 instances:   4
  Class: sky130_fd_sc_hd__or3b_1 instances: 133
  Class: sky130_fd_sc_hd__or3b_2 instances:  89
  Class: sky130_fd_sc_hd__or3b_4 instances:  29
  Class: sky130_fd_sc_hd__a31oi_1 instances:  23
  Class: sky130_fd_sc_hd__a31oi_2 instances:  37
  Class: sky130_fd_sc_hd__a31oi_4 instances:  34
  Class: sky130_fd_sc_hd__o2bb2ai_1 instances:  89
  Class: sky130_fd_sc_hd__o2bb2ai_2 instances:  99
  Class: sky130_fd_sc_hd__o2bb2ai_4 instances:  61
  Class: sky130_fd_sc_hd__a211oi_1 instances: 123
  Class: sky130_fd_sc_hd__a211oi_2 instances: 126
  Class: sky130_fd_sc_hd__a211oi_4 instances:  67
  Class: sky130_fd_sc_hd__nand2_1 instances: 1442
  Class: sky130_fd_sc_hd__nand2_2 instances: 410
  Class: sky130_fd_sc_hd__o2111a_1 instances:  24
  Class: sky130_fd_sc_hd__nand2_4 instances:  56
  Class: sky130_fd_sc_hd__o2111a_2 instances:   6
  Class: sky130_fd_sc_hd__o2111a_4 instances:   2
  Class: sky130_fd_sc_hd__nand2_8 instances:   2
  Class: sky130_fd_sc_hd__nand3b_1 instances: 147
  Class: sky130_fd_sc_hd__nand3b_2 instances: 155
  Class: sky130_fd_sc_hd__nand3b_4 instances:  70
  Class: sky130_fd_sc_hd__o221a_1 instances:  93
  Class: sky130_fd_sc_hd__o221a_2 instances:  16
  Class: sky130_fd_sc_hd__o221a_4 instances:   3
  Class: sky130_fd_sc_hd__o21bai_1 instances: 152
  Class: sky130_fd_sc_hd__o21bai_2 instances: 153
  Class: sky130_fd_sc_hd__o21bai_4 instances: 107
  Class: sky130_fd_sc_hd__or4bb_1 instances:  20
  Class: sky130_fd_sc_hd__or4bb_2 instances:  20
  Class: sky130_fd_sc_hd__or4bb_4 instances:  15
  Class: sky130_fd_sc_hd__o211a_1 instances: 441
  Class: sky130_fd_sc_hd__o211a_2 instances:  69
  Class: sky130_fd_sc_hd__o211a_4 instances:  37
  Class: sky130_fd_sc_hd__a221o_1 instances:  65
  Class: sky130_fd_sc_hd__a221o_2 instances:   6
  Class: sky130_fd_sc_hd__a221o_4 instances:   1
  Class: sky130_fd_sc_hd__nor4b_1 instances:   5
  Class: sky130_fd_sc_hd__clkbuf_16 instances: 177
  Class: sky130_fd_sc_hd__a211o_1 instances: 234
  Class: sky130_fd_sc_hd__a211o_2 instances:  30
  Class: sky130_fd_sc_hd__a211o_4 instances:   7
  Class: sky130_fd_sc_hd__buf_1 instances: 413
  Class: sky130_fd_sc_hd__buf_2 instances: 509
  Class: sky130_fd_sc_hd__buf_4 instances:  99
  Class: sky130_fd_sc_hd__buf_6 instances:  93
  Class: sky130_fd_sc_hd__buf_8 instances:   2
  Class: sky130_fd_sc_hd__a32o_1 instances:  98
  Class: sky130_fd_sc_hd__a32o_2 instances:  23
  Class: sky130_fd_sc_hd__dlymetal6s4s_1 instances:   4
  Class: sky130_fd_sc_hd__a32o_4 instances:   1
  Class: sky130_fd_sc_hd__a22o_1 instances: 193
  Class: sky130_fd_sc_hd__a22o_2 instances:  18
  Class: sky130_fd_sc_hd__a22o_4 instances:   3
  Class: sky130_fd_sc_hd__o41ai_1 instances:   1
  Class: sky130_fd_sc_hd__o41ai_2 instances:   2
  Class: sky130_fd_sc_hd__o41ai_4 instances:   1
  Class: sky130_fd_sc_hd__a311oi_1 instances:   6
  Class: sky130_fd_sc_hd__a311oi_2 instances:  16
  Class: sky130_fd_sc_hd__a311oi_4 instances:  17
  Class: sky130_fd_sc_hd__a2111oi_1 instances:  35
  Class: sky130_fd_sc_hd__a2111oi_2 instances:   3
  Class: sky130_fd_sc_hd__or2b_1 instances: 222
  Class: sky130_fd_sc_hd__or2b_2 instances:  52
  Class: sky130_fd_sc_hd__a2111oi_4 instances:   4
  Class: sky130_fd_sc_hd__or2b_4 instances:   6
  Class: sky130_fd_sc_hd__xnor2_1 instances: 287
  Class: sky130_fd_sc_hd__xnor2_2 instances: 221
  Class: sky130_fd_sc_hd__decap_3 instances:   1
  Class: sky130_fd_sc_hd__xnor2_4 instances: 102
  Class: sky130_fd_sc_hd__decap_4 instances:   1
  Class: sky130_fd_sc_hd__o21ba_1 instances: 127
  Class: sky130_fd_sc_hd__o21ba_2 instances:  17
  Class: sky130_fd_sc_hd__decap_6 instances:   1
  Class: sky130_fd_sc_hd__o21ba_4 instances:   4
  Class: sky130_fd_sc_hd__decap_8 instances:   1
  Class: sky130_fd_sc_hd__o311a_1 instances:  54
  Class: sky130_fd_sc_hd__o311a_2 instances:   7
  Class: sky130_fd_sc_hd__a2bb2o_1 instances: 174
  Class: sky130_fd_sc_hd__a2bb2o_2 instances:  28
  Class: sky130_fd_sc_hd__o311a_4 instances:   3
  Class: sky130_fd_sc_hd__a2bb2o_4 instances:   3
  Class: sky130_fd_sc_hd__nand2b_1 instances:  21
Circuit contains 27493 nets.

Circuit 1 contains 27508 devices, Circuit 2 contains 27508 devices.
Circuit 1 contains 27493 nets,    Circuit 2 contains 27493 nets.


Final result: 
Circuits match uniquely.
.
Logging to file "/openlane/designs/FIR_p/runs/RUN_2025.11.15_04.41.11/logs/signoff/46-FIR_Lowpass_Filter.lef.lvs.log" disabled
LVS Done.
