
61. Printing statistics.

=== FIR_Lowpass_Filter ===

   Number of wires:              26106
   Number of wire bits:          26161
   Number of public wires:         659
   Number of public wire bits:     714
   Number of memories:               0
   Number of memory bits:            0
   Number of processes:              0
   Number of cells:              26144
     sky130_fd_sc_hd__a2111o_2      20
     sky130_fd_sc_hd__a2111oi_2     42
     sky130_fd_sc_hd__a211o_2      271
     sky130_fd_sc_hd__a211oi_2     314
     sky130_fd_sc_hd__a211oi_4       2
     sky130_fd_sc_hd__a21bo_2      208
     sky130_fd_sc_hd__a21boi_2     266
     sky130_fd_sc_hd__a21boi_4       1
     sky130_fd_sc_hd__a21o_2      1094
     sky130_fd_sc_hd__a21o_4         2
     sky130_fd_sc_hd__a21oi_2     1651
     sky130_fd_sc_hd__a21oi_4       11
     sky130_fd_sc_hd__a221o_2       72
     sky130_fd_sc_hd__a221oi_2      69
     sky130_fd_sc_hd__a221oi_4       2
     sky130_fd_sc_hd__a22o_2       214
     sky130_fd_sc_hd__a22oi_2      160
     sky130_fd_sc_hd__a22oi_4        4
     sky130_fd_sc_hd__a2bb2o_2     205
     sky130_fd_sc_hd__a2bb2oi_2     63
     sky130_fd_sc_hd__a2bb2oi_4      1
     sky130_fd_sc_hd__a311o_2       42
     sky130_fd_sc_hd__a311oi_2      39
     sky130_fd_sc_hd__a31o_2       223
     sky130_fd_sc_hd__a31oi_2       91
     sky130_fd_sc_hd__a31oi_4        3
     sky130_fd_sc_hd__a32o_2       122
     sky130_fd_sc_hd__a32oi_2       53
     sky130_fd_sc_hd__a41o_2        26
     sky130_fd_sc_hd__a41oi_2        8
     sky130_fd_sc_hd__and2_2       718
     sky130_fd_sc_hd__and2_4         2
     sky130_fd_sc_hd__and2b_2      317
     sky130_fd_sc_hd__and2b_4        1
     sky130_fd_sc_hd__and3_2       953
     sky130_fd_sc_hd__and3_4         9
     sky130_fd_sc_hd__and3b_2      121
     sky130_fd_sc_hd__and4_2       122
     sky130_fd_sc_hd__and4_4         1
     sky130_fd_sc_hd__and4b_2       67
     sky130_fd_sc_hd__and4bb_2      63
     sky130_fd_sc_hd__and4bb_4       1
     sky130_fd_sc_hd__buf_1       2387
     sky130_fd_sc_hd__buf_2        136
     sky130_fd_sc_hd__buf_4         38
     sky130_fd_sc_hd__buf_6         25
     sky130_fd_sc_hd__bufinv_8       2
     sky130_fd_sc_hd__dfxtp_2      697
     sky130_fd_sc_hd__inv_2        829
     sky130_fd_sc_hd__mux2_2        23
     sky130_fd_sc_hd__nand2_2     1907
     sky130_fd_sc_hd__nand2_4        3
     sky130_fd_sc_hd__nand2b_2      42
     sky130_fd_sc_hd__nand3_2     1216
     sky130_fd_sc_hd__nand3_4        5
     sky130_fd_sc_hd__nand3b_2     368
     sky130_fd_sc_hd__nand3b_4       4
     sky130_fd_sc_hd__nand4_2      244
     sky130_fd_sc_hd__nand4_4        2
     sky130_fd_sc_hd__nand4b_2      19
     sky130_fd_sc_hd__nand4bb_2      2
     sky130_fd_sc_hd__nor2_2      1707
     sky130_fd_sc_hd__nor2_4         3
     sky130_fd_sc_hd__nor2b_2       35
     sky130_fd_sc_hd__nor2b_4        2
     sky130_fd_sc_hd__nor3_2       318
     sky130_fd_sc_hd__nor3b_2       54
     sky130_fd_sc_hd__nor3b_4        1
     sky130_fd_sc_hd__nor4_2        94
     sky130_fd_sc_hd__nor4b_2        5
     sky130_fd_sc_hd__o2111a_2      32
     sky130_fd_sc_hd__o2111ai_2    122
     sky130_fd_sc_hd__o2111ai_4      1
     sky130_fd_sc_hd__o211a_2      545
     sky130_fd_sc_hd__o211a_4        2
     sky130_fd_sc_hd__o211ai_2     813
     sky130_fd_sc_hd__o211ai_4       8
     sky130_fd_sc_hd__o21a_2       700
     sky130_fd_sc_hd__o21ai_2     1360
     sky130_fd_sc_hd__o21ai_4        9
     sky130_fd_sc_hd__o21ba_2      148
     sky130_fd_sc_hd__o21bai_2     403
     sky130_fd_sc_hd__o21bai_4       9
     sky130_fd_sc_hd__o221a_2      112
     sky130_fd_sc_hd__o221ai_2     123
     sky130_fd_sc_hd__o221ai_4       1
     sky130_fd_sc_hd__o22a_2       149
     sky130_fd_sc_hd__o22ai_2      267
     sky130_fd_sc_hd__o22ai_4        4
     sky130_fd_sc_hd__o2bb2a_2     163
     sky130_fd_sc_hd__o2bb2a_4       3
     sky130_fd_sc_hd__o2bb2ai_2    248
     sky130_fd_sc_hd__o2bb2ai_4      1
     sky130_fd_sc_hd__o311a_2       64
     sky130_fd_sc_hd__o311ai_2       1
     sky130_fd_sc_hd__o31a_2        91
     sky130_fd_sc_hd__o31ai_2       21
     sky130_fd_sc_hd__o31ai_4        1
     sky130_fd_sc_hd__o32a_2        52
     sky130_fd_sc_hd__o32ai_2        9
     sky130_fd_sc_hd__o41a_2        12
     sky130_fd_sc_hd__o41ai_2        4
     sky130_fd_sc_hd__or2_2        646
     sky130_fd_sc_hd__or2b_2       280
     sky130_fd_sc_hd__or3_2        368
     sky130_fd_sc_hd__or3_4          5
     sky130_fd_sc_hd__or3b_2       249
     sky130_fd_sc_hd__or3b_4         2
     sky130_fd_sc_hd__or4_2        106
     sky130_fd_sc_hd__or4_4          4
     sky130_fd_sc_hd__or4b_2        42
     sky130_fd_sc_hd__or4bb_2       54
     sky130_fd_sc_hd__or4bb_4        1
     sky130_fd_sc_hd__xnor2_2      610
     sky130_fd_sc_hd__xor2_2       477

   Chip area for module '\FIR_Lowpass_Filter': 239807.494400

