OpenROAD 41a51eaf4ca2171c92ff38afb91eb37bbd3f36da 
This program is licensed under the BSD-3 license. See the LICENSE file for details.
Components of this program may be licensed under more restrictive licenses which must be honored.
[INFO]: Reading ODB at '/openlane/designs/FIR_p/runs/RUN_2025.11.15_04.41.11/tmp/17-FIR_Lowpass_Filter.odb'…
define_corners Typical
read_liberty -corner Typical /home/kitti/OpenLane/pdks/sky130A/libs.ref/sky130_fd_sc_hd/lib/sky130_fd_sc_hd__tt_025C_1v80.lib
Using 1e-12 for capacitance...
Using 1e+03 for resistance...
Using 1e-09 for time...
Using 1e+00 for voltage...
Using 1e-03 for current...
Using 1e-09 for power...
Using 1e-06 for distance...
Reading design constraints file at '/openlane/designs/FIR_p/runs/RUN_2025.11.15_04.41.11/tmp/17-FIR_Lowpass_Filter.sdc'…
[INFO]: Setting signal min routing layer to: met1 and clock min routing layer to met3. 
[INFO]: Setting signal max routing layer to: met5 and clock max routing layer to met5. 
-congestion_iterations 50 -verbose -congestion_report_file /openlane/designs/FIR_p/runs/RUN_2025.11.15_04.41.11/tmp/routing/groute-congestion.rpt
[INFO GRT-0020] Min routing layer: met1
[INFO GRT-0021] Max routing layer: met5
[INFO GRT-0022] Global adjustment: 30%
[INFO GRT-0023] Grid origin: (0, 0)
[INFO GRT-0043] No OR_DEFAULT vias defined.
[INFO GRT-0088] Layer li1     Track-Pitch = 0.4600  line-2-Via Pitch: 0.3400
[INFO GRT-0088] Layer met1    Track-Pitch = 0.3400  line-2-Via Pitch: 0.3400
[INFO GRT-0088] Layer met2    Track-Pitch = 0.4600  line-2-Via Pitch: 0.3500
[INFO GRT-0088] Layer met3    Track-Pitch = 0.6800  line-2-Via Pitch: 0.6150
[INFO GRT-0088] Layer met4    Track-Pitch = 0.9200  line-2-Via Pitch: 1.0400
[INFO GRT-0088] Layer met5    Track-Pitch = 3.4000  line-2-Via Pitch: 3.1100
[INFO GRT-0019] Found 182 clock nets.
[INFO GRT-0001] Minimum degree: 2
[INFO GRT-0002] Maximum degree: 17
[INFO GRT-0003] Macros: 0
[INFO GRT-0004] Blockages: 14508

[INFO GRT-0053] Routing resources analysis:
          Routing      Original      Derated      Resource
Layer     Direction    Resources     Resources    Reduction (%)
---------------------------------------------------------------
li1        Vertical            0             0          0.00%
met1       Horizontal     345840        172014          50.26%
met2       Vertical       259380        172192          33.61%
met3       Horizontal     172920        120876          30.10%
met4       Vertical       103752         66330          36.07%
met5       Horizontal      34584         16770          51.51%
---------------------------------------------------------------

[INFO GRT-0101] Running extra iterations to remove overflow.
[INFO GRT-0197] Via related to pin nodes: 120270
[INFO GRT-0198] Via related Steiner nodes: 1973
[INFO GRT-0199] Via filling finished.
[INFO GRT-0111] Final number of vias: 132205
[INFO GRT-0112] Final usage 3D: 524173

[INFO GRT-0096] Final congestion report:
Layer         Resource        Demand        Usage (%)    Max H / Max V / Total Overflow
---------------------------------------------------------------------------------------
li1                  0             0            0.00%             0 /  0 /  0
met1            172014         54172           31.49%             0 /  0 /  0
met2            172192         62869           36.51%             0 /  0 /  0
met3            120876          3196            2.64%             0 /  0 /  0
met4             66330          7321           11.04%             0 /  0 /  0
met5             16770             0            0.00%             0 /  0 /  0
---------------------------------------------------------------------------------------
Total           548182        127558           23.27%             0 /  0 /  0

[INFO GRT-0018] Total wirelength: 1308681 um
[INFO GRT-0014] Routed nets: 27491
[INFO GRT-0006] Repairing antennas, iteration 1.
[INFO GRT-0043] No OR_DEFAULT vias defined.
[INFO GRT-0012] Found 20 antenna violations.
[INFO GRT-0015] Inserted 27 diodes.
[INFO GRT-0009] rerouting 23598 nets.
[INFO GRT-0001] Minimum degree: 2
[INFO GRT-0002] Maximum degree: 17
[INFO GRT-0006] Repairing antennas, iteration 2.
[INFO GRT-0043] No OR_DEFAULT vias defined.
[INFO GRT-0012] Found 7 antenna violations.
[INFO GRT-0015] Inserted 9 diodes.
[INFO GRT-0009] rerouting 58 nets.
[INFO GRT-0001] Minimum degree: 2
[INFO GRT-0002] Maximum degree: 10
[INFO GRT-0006] Repairing antennas, iteration 3.
[INFO GRT-0043] No OR_DEFAULT vias defined.
[INFO GRT-0012] Found 1 antenna violations.
[INFO GRT-0015] Inserted 1 diodes.
[INFO GRT-0009] rerouting 1 nets.
[INFO GRT-0001] Minimum degree: 8
[INFO GRT-0002] Maximum degree: 8
[INFO GRT-0006] Repairing antennas, iteration 4.
[INFO GRT-0043] No OR_DEFAULT vias defined.
[INFO GRT-0012] Found 1 antenna violations.
[INFO GRT-0015] Inserted 1 diodes.
[INFO GRT-0009] rerouting 1 nets.
[INFO GRT-0001] Minimum degree: 9
[INFO GRT-0002] Maximum degree: 9
[INFO GRT-0006] Repairing antennas, iteration 5.
[INFO GRT-0043] No OR_DEFAULT vias defined.
[INFO GRT-0012] Found 1 antenna violations.
[INFO GRT-0015] Inserted 1 diodes.
[INFO GRT-0009] rerouting 1 nets.
[INFO GRT-0001] Minimum degree: 10
[INFO GRT-0002] Maximum degree: 10
[INFO GRT-0006] Repairing antennas, iteration 6.
[INFO GRT-0043] No OR_DEFAULT vias defined.
[INFO GRT-0012] Found 1 antenna violations.
[INFO GRT-0015] Inserted 1 diodes.
[INFO GRT-0009] rerouting 1 nets.
[INFO GRT-0001] Minimum degree: 11
[INFO GRT-0002] Maximum degree: 11
[INFO GRT-0006] Repairing antennas, iteration 7.
[INFO GRT-0043] No OR_DEFAULT vias defined.
[INFO GRT-0012] Found 1 antenna violations.
[INFO GRT-0015] Inserted 1 diodes.
[INFO GRT-0009] rerouting 1 nets.
[INFO GRT-0001] Minimum degree: 12
[INFO GRT-0002] Maximum degree: 12
[INFO GRT-0006] Repairing antennas, iteration 8.
[INFO GRT-0043] No OR_DEFAULT vias defined.
[INFO GRT-0012] Found 1 antenna violations.
[INFO GRT-0015] Inserted 1 diodes.
[INFO GRT-0009] rerouting 1 nets.
[INFO GRT-0001] Minimum degree: 13
[INFO GRT-0002] Maximum degree: 13
[INFO GRT-0006] Repairing antennas, iteration 9.
[INFO GRT-0043] No OR_DEFAULT vias defined.
[INFO GRT-0012] Found 0 antenna violations.
Setting global connections for newly added cells…
Writing OpenROAD database to '/openlane/designs/FIR_p/runs/RUN_2025.11.15_04.41.11/tmp/routing/19-global.odb'…
Writing layout to '/openlane/designs/FIR_p/runs/RUN_2025.11.15_04.41.11/tmp/routing/19-global.def'…
Writing routing guides to '/openlane/designs/FIR_p/runs/RUN_2025.11.15_04.41.11/tmp/routing/19-global.guide'…
